This is pdfTeX, Version 3.1415926-1.40.10 (TeX Live 2009/Debian) (format=pdflatex 2012.4.27)  5 NOV 2012 12:03
entering extended mode
 %&-line parsing enabled.
**fisheries_report
(./fisheries_report.tex
LaTeX2e <2009/09/24>
Babel <v3.8l> and hyphenation patterns for english, usenglishmax, dumylang, noh
yphenation, loaded.
(/usr/share/texmf-texlive/tex/latex/base/article.cls
Document Class: article 2007/10/19 v1.4h Standard LaTeX document class
(/usr/share/texmf-texlive/tex/latex/base/size11.clo
File: size11.clo 2007/10/19 v1.4h Standard LaTeX file (size option)
)
\c@part=\count79
\c@section=\count80
\c@subsection=\count81
\c@subsubsection=\count82
\c@paragraph=\count83
\c@subparagraph=\count84
\c@figure=\count85
\c@table=\count86
\abovecaptionskip=\skip41
\belowcaptionskip=\skip42
\bibindent=\dimen102
)
(/usr/share/texmf-texlive/tex/latex/base/inputenc.sty
Package: inputenc 2008/03/30 v1.1d Input encoding file
\inpenc@prehook=\toks14
\inpenc@posthook=\toks15

(/usr/share/texmf-texlive/tex/latex/base/utf8.def
File: utf8.def 2008/04/05 v1.1m UTF-8 support for inputenc
Now handling font encoding OML ...
... no UTF-8 mapping file for font encoding OML
Now handling font encoding T1 ...
... processing UTF-8 mapping file for font encoding T1

(/usr/share/texmf-texlive/tex/latex/base/t1enc.dfu
File: t1enc.dfu 2008/04/05 v1.1m UTF-8 support for inputenc
   defining Unicode char U+00A1 (decimal 161)
   defining Unicode char U+00A3 (decimal 163)
   defining Unicode char U+00AB (decimal 171)
   defining Unicode char U+00BB (decimal 187)
   defining Unicode char U+00BF (decimal 191)
   defining Unicode char U+00C0 (decimal 192)
   defining Unicode char U+00C1 (decimal 193)
   defining Unicode char U+00C2 (decimal 194)
   defining Unicode char U+00C3 (decimal 195)
   defining Unicode char U+00C4 (decimal 196)
   defining Unicode char U+00C5 (decimal 197)
   defining Unicode char U+00C6 (decimal 198)
   defining Unicode char U+00C7 (decimal 199)
   defining Unicode char U+00C8 (decimal 200)
   defining Unicode char U+00C9 (decimal 201)
   defining Unicode char U+00CA (decimal 202)
   defining Unicode char U+00CB (decimal 203)
   defining Unicode char U+00CC (decimal 204)
   defining Unicode char U+00CD (decimal 205)
   defining Unicode char U+00CE (decimal 206)
   defining Unicode char U+00CF (decimal 207)
   defining Unicode char U+00D0 (decimal 208)
   defining Unicode char U+00D1 (decimal 209)
   defining Unicode char U+00D2 (decimal 210)
   defining Unicode char U+00D3 (decimal 211)
   defining Unicode char U+00D4 (decimal 212)
   defining Unicode char U+00D5 (decimal 213)
   defining Unicode char U+00D6 (decimal 214)
   defining Unicode char U+00D8 (decimal 216)
   defining Unicode char U+00D9 (decimal 217)
   defining Unicode char U+00DA (decimal 218)
   defining Unicode char U+00DB (decimal 219)
   defining Unicode char U+00DC (decimal 220)
   defining Unicode char U+00DD (decimal 221)
   defining Unicode char U+00DE (decimal 222)
   defining Unicode char U+00DF (decimal 223)
   defining Unicode char U+00E0 (decimal 224)
   defining Unicode char U+00E1 (decimal 225)
   defining Unicode char U+00E2 (decimal 226)
   defining Unicode char U+00E3 (decimal 227)
   defining Unicode char U+00E4 (decimal 228)
   defining Unicode char U+00E5 (decimal 229)
   defining Unicode char U+00E6 (decimal 230)
   defining Unicode char U+00E7 (decimal 231)
   defining Unicode char U+00E8 (decimal 232)
   defining Unicode char U+00E9 (decimal 233)
   defining Unicode char U+00EA (decimal 234)
   defining Unicode char U+00EB (decimal 235)
   defining Unicode char U+00EC (decimal 236)
   defining Unicode char U+00ED (decimal 237)
   defining Unicode char U+00EE (decimal 238)
   defining Unicode char U+00EF (decimal 239)
   defining Unicode char U+00F0 (decimal 240)
   defining Unicode char U+00F1 (decimal 241)
   defining Unicode char U+00F2 (decimal 242)
   defining Unicode char U+00F3 (decimal 243)
   defining Unicode char U+00F4 (decimal 244)
   defining Unicode char U+00F5 (decimal 245)
   defining Unicode char U+00F6 (decimal 246)
   defining Unicode char U+00F8 (decimal 248)
   defining Unicode char U+00F9 (decimal 249)
   defining Unicode char U+00FA (decimal 250)
   defining Unicode char U+00FB (decimal 251)
   defining Unicode char U+00FC (decimal 252)
   defining Unicode char U+00FD (decimal 253)
   defining Unicode char U+00FE (decimal 254)
   defining Unicode char U+00FF (decimal 255)
   defining Unicode char U+0102 (decimal 258)
   defining Unicode char U+0103 (decimal 259)
   defining Unicode char U+0104 (decimal 260)
   defining Unicode char U+0105 (decimal 261)
   defining Unicode char U+0106 (decimal 262)
   defining Unicode char U+0107 (decimal 263)
   defining Unicode char U+010C (decimal 268)
   defining Unicode char U+010D (decimal 269)
   defining Unicode char U+010E (decimal 270)
   defining Unicode char U+010F (decimal 271)
   defining Unicode char U+0110 (decimal 272)
   defining Unicode char U+0111 (decimal 273)
   defining Unicode char U+0118 (decimal 280)
   defining Unicode char U+0119 (decimal 281)
   defining Unicode char U+011A (decimal 282)
   defining Unicode char U+011B (decimal 283)
   defining Unicode char U+011E (decimal 286)
   defining Unicode char U+011F (decimal 287)
   defining Unicode char U+0130 (decimal 304)
   defining Unicode char U+0131 (decimal 305)
   defining Unicode char U+0132 (decimal 306)
   defining Unicode char U+0133 (decimal 307)
   defining Unicode char U+0139 (decimal 313)
   defining Unicode char U+013A (decimal 314)
   defining Unicode char U+013D (decimal 317)
   defining Unicode char U+013E (decimal 318)
   defining Unicode char U+0141 (decimal 321)
   defining Unicode char U+0142 (decimal 322)
   defining Unicode char U+0143 (decimal 323)
   defining Unicode char U+0144 (decimal 324)
   defining Unicode char U+0147 (decimal 327)
   defining Unicode char U+0148 (decimal 328)
   defining Unicode char U+014A (decimal 330)
   defining Unicode char U+014B (decimal 331)
   defining Unicode char U+0150 (decimal 336)
   defining Unicode char U+0151 (decimal 337)
   defining Unicode char U+0152 (decimal 338)
   defining Unicode char U+0153 (decimal 339)
   defining Unicode char U+0154 (decimal 340)
   defining Unicode char U+0155 (decimal 341)
   defining Unicode char U+0158 (decimal 344)
   defining Unicode char U+0159 (decimal 345)
   defining Unicode char U+015A (decimal 346)
   defining Unicode char U+015B (decimal 347)
   defining Unicode char U+015E (decimal 350)
   defining Unicode char U+015F (decimal 351)
   defining Unicode char U+0160 (decimal 352)
   defining Unicode char U+0161 (decimal 353)
   defining Unicode char U+0162 (decimal 354)
   defining Unicode char U+0163 (decimal 355)
   defining Unicode char U+0164 (decimal 356)
   defining Unicode char U+0165 (decimal 357)
   defining Unicode char U+016E (decimal 366)
   defining Unicode char U+016F (decimal 367)
   defining Unicode char U+0170 (decimal 368)
   defining Unicode char U+0171 (decimal 369)
   defining Unicode char U+0178 (decimal 376)
   defining Unicode char U+0179 (decimal 377)
   defining Unicode char U+017A (decimal 378)
   defining Unicode char U+017B (decimal 379)
   defining Unicode char U+017C (decimal 380)
   defining Unicode char U+017D (decimal 381)
   defining Unicode char U+017E (decimal 382)
   defining Unicode char U+200C (decimal 8204)
   defining Unicode char U+2013 (decimal 8211)
   defining Unicode char U+2014 (decimal 8212)
   defining Unicode char U+2018 (decimal 8216)
   defining Unicode char U+2019 (decimal 8217)
   defining Unicode char U+201A (decimal 8218)
   defining Unicode char U+201C (decimal 8220)
   defining Unicode char U+201D (decimal 8221)
   defining Unicode char U+201E (decimal 8222)
   defining Unicode char U+2030 (decimal 8240)
   defining Unicode char U+2031 (decimal 8241)
   defining Unicode char U+2039 (decimal 8249)
   defining Unicode char U+203A (decimal 8250)
   defining Unicode char U+2423 (decimal 9251)
)
Now handling font encoding OT1 ...
... processing UTF-8 mapping file for font encoding OT1

(/usr/share/texmf-texlive/tex/latex/base/ot1enc.dfu
File: ot1enc.dfu 2008/04/05 v1.1m UTF-8 support for inputenc
   defining Unicode char U+00A1 (decimal 161)
   defining Unicode char U+00A3 (decimal 163)
   defining Unicode char U+00B8 (decimal 184)
   defining Unicode char U+00BF (decimal 191)
   defining Unicode char U+00C5 (decimal 197)
   defining Unicode char U+00C6 (decimal 198)
   defining Unicode char U+00D8 (decimal 216)
   defining Unicode char U+00DF (decimal 223)
   defining Unicode char U+00E6 (decimal 230)
   defining Unicode char U+00EC (decimal 236)
   defining Unicode char U+00ED (decimal 237)
   defining Unicode char U+00EE (decimal 238)
   defining Unicode char U+00EF (decimal 239)
   defining Unicode char U+00F8 (decimal 248)
   defining Unicode char U+0131 (decimal 305)
   defining Unicode char U+0141 (decimal 321)
   defining Unicode char U+0142 (decimal 322)
   defining Unicode char U+0152 (decimal 338)
   defining Unicode char U+0153 (decimal 339)
   defining Unicode char U+2013 (decimal 8211)
   defining Unicode char U+2014 (decimal 8212)
   defining Unicode char U+2018 (decimal 8216)
   defining Unicode char U+2019 (decimal 8217)
   defining Unicode char U+201C (decimal 8220)
   defining Unicode char U+201D (decimal 8221)
)
Now handling font encoding OMS ...
... processing UTF-8 mapping file for font encoding OMS

(/usr/share/texmf-texlive/tex/latex/base/omsenc.dfu
File: omsenc.dfu 2008/04/05 v1.1m UTF-8 support for inputenc
   defining Unicode char U+00A7 (decimal 167)
   defining Unicode char U+00B6 (decimal 182)
   defining Unicode char U+00B7 (decimal 183)
   defining Unicode char U+2020 (decimal 8224)
   defining Unicode char U+2021 (decimal 8225)
   defining Unicode char U+2022 (decimal 8226)
)
Now handling font encoding OMX ...
... no UTF-8 mapping file for font encoding OMX
Now handling font encoding U ...
... no UTF-8 mapping file for font encoding U
   defining Unicode char U+00A9 (decimal 169)
   defining Unicode char U+00AA (decimal 170)
   defining Unicode char U+00AE (decimal 174)
   defining Unicode char U+00BA (decimal 186)
   defining Unicode char U+02C6 (decimal 710)
   defining Unicode char U+02DC (decimal 732)
   defining Unicode char U+200C (decimal 8204)
   defining Unicode char U+2026 (decimal 8230)
   defining Unicode char U+2122 (decimal 8482)
   defining Unicode char U+2423 (decimal 9251)
))
(/usr/share/texmf-texlive/tex/latex/listings/listings.sty
(/usr/share/texmf-texlive/tex/latex/graphics/keyval.sty
Package: keyval 1999/03/16 v1.13 key=value parser (DPC)
\KV@toks@=\toks16
)
\lst@mode=\count87
\lst@gtempboxa=\box26
\lst@token=\toks17
\lst@length=\count88
\lst@currlwidth=\dimen103
\lst@column=\count89
\lst@pos=\count90
\lst@lostspace=\dimen104
\lst@width=\dimen105
\lst@newlines=\count91
\lst@lineno=\count92
\lst@maxwidth=\dimen106

(/usr/share/texmf-texlive/tex/latex/listings/lstmisc.sty
File: lstmisc.sty 2007/02/22 1.4 (Carsten Heinz)
\c@lstnumber=\count93
\lst@skipnumbers=\count94
\lst@framebox=\box27
)
(/usr/share/texmf-texlive/tex/latex/listings/listings.cfg
File: listings.cfg 2007/02/22 1.4 listings configuration
))
Package: listings 2007/02/22 1.4 (Carsten Heinz)

(/usr/share/texmf-texlive/tex/latex/rotating/rotating.sty
Package: rotating 2009/03/28 v2.16a rotated objects in LaTeX

(/usr/share/texmf-texlive/tex/latex/graphics/graphicx.sty
Package: graphicx 1999/02/16 v1.0f Enhanced LaTeX Graphics (DPC,SPQR)

(/usr/share/texmf-texlive/tex/latex/graphics/graphics.sty
Package: graphics 2009/02/05 v1.0o Standard LaTeX Graphics (DPC,SPQR)

(/usr/share/texmf-texlive/tex/latex/graphics/trig.sty
Package: trig 1999/03/16 v1.09 sin cos tan (DPC)
)
(/etc/texmf/tex/latex/config/graphics.cfg
File: graphics.cfg 2009/08/28 v1.8 graphics configuration of TeX Live
)
Package graphics Info: Driver file: pdftex.def on input line 91.

(/usr/share/texmf-texlive/tex/latex/pdftex-def/pdftex.def
File: pdftex.def 2010/03/12 v0.04p Graphics/color for pdfTeX
\Gread@gobject=\count95
))
\Gin@req@height=\dimen107
\Gin@req@width=\dimen108
)
(/usr/share/texmf-texlive/tex/latex/base/ifthen.sty
Package: ifthen 2001/05/26 v1.1c Standard LaTeX ifthen package (DPC)
)
\c@r@tfl@t=\count96
\rotFPtop=\skip43
\rotFPbot=\skip44
\rot@float@box=\box28
\rot@mess@toks=\toks18
)
(/usr/share/texmf-texlive/tex/latex/supertabular/supertabular.sty
Package: supertabular 2004/02/20 v4.1e the supertabular environment
\c@tracingst=\count97
\ST@wd=\dimen109
\ST@rightskip=\skip45
\ST@leftskip=\skip46
\ST@parfillskip=\skip47
\ST@pageleft=\dimen110
\ST@headht=\dimen111
\ST@tailht=\dimen112
\ST@pagesofar=\dimen113
\ST@pboxht=\dimen114
\ST@lineht=\dimen115
\ST@stretchht=\dimen116
\ST@prevht=\dimen117
\ST@toadd=\dimen118
\ST@dimen=\dimen119
\ST@pbox=\box29
)
(/usr/share/texmf-texlive/tex/latex/geometry/geometry.sty
Package: geometry 2008/12/21 v4.2 Page Geometry

(/usr/share/texmf-texlive/tex/generic/oberdiek/ifpdf.sty
Package: ifpdf 2009/04/10 v2.0 Provides the ifpdf switch (HO)
Package ifpdf Info: pdfTeX in pdf mode detected.
)
(/usr/share/texmf-texlive/tex/generic/oberdiek/ifvtex.sty
Package: ifvtex 2008/11/04 v1.4 Switches for detecting VTeX and its modes (HO)
Package ifvtex Info: VTeX not detected.
)
\Gm@cnth=\count98
\Gm@cntv=\count99
\c@Gm@tempcnt=\count100
\Gm@bindingoffset=\dimen120
\Gm@wd@mp=\dimen121
\Gm@odd@mp=\dimen122
\Gm@even@mp=\dimen123
\Gm@dimlist=\toks19
)
(/usr/share/texmf-texlive/tex/latex/subfigure/subfigure.sty
Package: subfigure 2002/03/15 v2.1.5 subfigure package
\subfigtopskip=\skip48
\subfigcapskip=\skip49
\subfigcaptopadj=\dimen124
\subfigbottomskip=\skip50
\subfigcapmargin=\dimen125
\subfiglabelskip=\skip51
\c@subfigure=\count101
\c@lofdepth=\count102
\c@subtable=\count103
\c@lotdepth=\count104

****************************************
* Local config file subfigure.cfg used *
****************************************
(/usr/share/texmf-texlive/tex/latex/subfigure/subfigure.cfg)
\subfig@top=\skip52
\subfig@bottom=\skip53
)
(/usr/share/texmf-texlive/tex/latex/booktabs/booktabs.sty
Package: booktabs 2005/04/14 v1.61803 publication quality tables
\heavyrulewidth=\dimen126
\lightrulewidth=\dimen127
\cmidrulewidth=\dimen128
\belowrulesep=\dimen129
\belowbottomsep=\dimen130
\aboverulesep=\dimen131
\abovetopsep=\dimen132
\cmidrulesep=\dimen133
\cmidrulekern=\dimen134
\defaultaddspace=\dimen135
\@cmidla=\count105
\@cmidlb=\count106
\@aboverulesep=\dimen136
\@belowrulesep=\dimen137
\@thisruleclass=\count107
\@lastruleclass=\count108
\@thisrulewidth=\dimen138
)
(/usr/share/texmf-texlive/tex/latex/tools/array.sty
Package: array 2008/09/09 v2.4c Tabular extension package (FMi)
\col@sep=\dimen139
\extrarowheight=\dimen140
\NC@list=\toks20
\extratabsurround=\skip54
\backup@length=\skip55
)
(/usr/share/texmf-texlive/tex/latex/paralist/paralist.sty
Package: paralist 2002/03/18 v2.3b Extended list environments (BS)
\pltopsep=\skip56
\plpartopsep=\skip57
\plitemsep=\skip58
\plparsep=\skip59
\pl@lab=\toks21
)
(/usr/share/texmf-texlive/tex/latex/tools/verbatim.sty
Package: verbatim 2003/08/22 v1.5q LaTeX2e package for verbatim enhancements
\every@verbatim=\toks22
\verbatim@line=\toks23
\verbatim@in@stream=\read1
)
(/usr/share/texmf-texlive/tex/latex/subfig/subfig.sty
Package: subfig 2005/06/28 ver: 1.3 subfig package

(/usr/share/texmf-texlive/tex/latex/caption/caption.sty
Package: caption 2009/10/09 v3.1k Customizing captions (AR)

(/usr/share/texmf-texlive/tex/latex/caption/caption3.sty
Package: caption3 2009/10/09 v3.1k caption3 kernel (AR)
\captionmargin=\dimen141
\captionmargin@=\dimen142
\captionwidth=\dimen143
\caption@indent=\dimen144
\caption@parindent=\dimen145
\caption@hangindent=\dimen146
)
\c@ContinuedFloat=\count109
Package caption Info: listings package is loaded.
Package caption Info: rotating package is loaded.
Package caption Info: subfigure package is loaded.
Package caption Info: supertabular package is loaded.
)
\c@KVtest=\count110
\sf@farskip=\skip60
\sf@captopadj=\dimen147
\sf@capskip=\skip61
\sf@nearskip=\skip62
\sf@top=\skip63
\sf@bottom=\skip64
)
(/usr/share/texmf-texlive/tex/latex/ltxmisc/url.sty
\Urlmuskip=\muskip10
Package: url 2006/04/12  ver 3.3  Verb mode for urls, etc.
)
(/usr/share/texmf-texlive/tex/latex/appendix/appendix.sty
Package: appendix 2009/09/02 v1.2b extra appendix facilities
\c@@pps=\count111
\c@@ppsavesec=\count112
\c@@ppsaveapp=\count113
)
(/usr/share/texmf-texlive/tex/latex/fancyhdr/fancyhdr.sty
\fancy@headwidth=\skip65
\f@ncyO@elh=\skip66
\f@ncyO@erh=\skip67
\f@ncyO@olh=\skip68
\f@ncyO@orh=\skip69
\f@ncyO@elf=\skip70
\f@ncyO@erf=\skip71
\f@ncyO@olf=\skip72
\f@ncyO@orf=\skip73
)
(/usr/share/texmf-texlive/tex/latex/sectsty/sectsty.sty
Package: sectsty 2002/02/25 v2.0.2 Commands to change all sectional heading sty
les
)
(/usr/share/texmf-texlive/tex/latex/tocbibind/tocbibind.sty
Package: tocbibind 2009/09/04 v1.5i extra ToC listings


Package tocbibind Note: The document has section divisions.


Package tocbibind Note: Using section or other style headings.

) (/usr/share/texmf-texlive/tex/latex/tocloft/tocloft.sty
Package: tocloft 2009/09/04 v2.3d parameterised ToC, etc., typesetting


Package tocloft Note: The document has section divisions.

\cftparskip=\skip74
\cftbeforetoctitleskip=\skip75
\cftaftertoctitleskip=\skip76
\cftbeforepartskip=\skip77
\cftpartnumwidth=\skip78
\cftpartindent=\skip79
\cftbeforesecskip=\skip80
\cftsecindent=\skip81
\cftsecnumwidth=\skip82
\cftbeforesubsecskip=\skip83
\cftsubsecindent=\skip84
\cftsubsecnumwidth=\skip85
\cftbeforesubsubsecskip=\skip86
\cftsubsubsecindent=\skip87
\cftsubsubsecnumwidth=\skip88
\cftbeforeparaskip=\skip89
\cftparaindent=\skip90
\cftparanumwidth=\skip91
\cftbeforesubparaskip=\skip92
\cftsubparaindent=\skip93
\cftsubparanumwidth=\skip94
\cftbeforeloftitleskip=\skip95
\cftafterloftitleskip=\skip96
\cftbeforefigskip=\skip97
\cftfigindent=\skip98
\cftfignumwidth=\skip99
\cftbeforelottitleskip=\skip100
\cftafterlottitleskip=\skip101
\cftbeforetabskip=\skip102
\cfttabindent=\skip103
\cfttabnumwidth=\skip104
\cftbeforesubfigskip=\skip105
\cftsubfigindent=\skip106
\cftsubfignumwidth=\skip107
\cftbeforesubtabskip=\skip108
\cftsubtabindent=\skip109
\cftsubtabnumwidth=\skip110
) (./fisheries_report.aux)
\openout1 = `fisheries_report.aux'.

LaTeX Font Info:    Checking defaults for OML/cmm/m/it on input line 69.
LaTeX Font Info:    ... okay on input line 69.
LaTeX Font Info:    Checking defaults for T1/cmr/m/n on input line 69.
LaTeX Font Info:    ... okay on input line 69.
LaTeX Font Info:    Checking defaults for OT1/cmr/m/n on input line 69.
LaTeX Font Info:    ... okay on input line 69.
LaTeX Font Info:    Checking defaults for OMS/cmsy/m/n on input line 69.
LaTeX Font Info:    ... okay on input line 69.
LaTeX Font Info:    Checking defaults for OMX/cmex/m/n on input line 69.
LaTeX Font Info:    ... okay on input line 69.
LaTeX Font Info:    Checking defaults for U/cmr/m/n on input line 69.
LaTeX Font Info:    ... okay on input line 69.
\c@lstlisting=\count114

(/usr/share/texmf-texlive/tex/context/base/supp-pdf.mkii
[Loading MPS to PDF converter (version 2006.09.02).]
\scratchcounter=\count115
\scratchdimen=\dimen148
\scratchbox=\box30
\nofMPsegments=\count116
\nofMParguments=\count117
\everyMPshowfont=\toks24
\MPscratchCnt=\count118
\MPscratchDim=\dimen149
\MPnumerator=\count119
\everyMPtoPDFconversion=\toks25
)
*geometry auto-detecting driver*
*geometry detected driver: pdftex*
-------------------- Geometry parameters
paper: a4paper
landscape: --
twocolumn: --
twoside: --
asymmetric: --
h-parts: 89.62709pt, 0.7\paperwidth , 89.6271pt (default)
v-parts: 101.40665pt, 0.7\paperheight , 152.11pt (default)
hmarginratio: 1:1
vmarginratio: 2:3
lines: --
heightrounded: --
bindingoffset: 0.0pt
truedimen: --
includehead: --
includefoot: --
includemp: --
driver: pdftex
-------------------- Page layout dimensions and switches
\paperwidth  597.50787pt
\paperheight 845.04684pt
\textwidth  418.25368pt
\textheight 591.5302pt
\oddsidemargin  17.3571pt
\evensidemargin 17.3571pt
\topmargin  -7.86334pt
\headheight 12.0pt
\headsep    25.0pt
\footskip   30.0pt
\marginparwidth 59.0pt
\marginparsep   10.0pt
\columnsep  10.0pt
\skip\footins  10.0pt plus 4.0pt minus 2.0pt
\hoffset 0.0pt
\voffset 0.0pt
\mag 1000

(1in=72.27pt, 1cm=28.45pt)
-----------------------
Package caption Info: Begin \AtBeginDocument code.
Package caption3 Info: subfig package 1.2 or 1.3 is loaded.
LaTeX Info: Redefining \subref on input line 69.
Package caption Info: End \AtBeginDocument code.
LaTeX Font Info:    External font `cmex10' loaded for size
(Font)              <12> on input line 70.
LaTeX Font Info:    External font `cmex10' loaded for size
(Font)              <8> on input line 70.
LaTeX Font Info:    External font `cmex10' loaded for size
(Font)              <6> on input line 70.
(./fisheries_report.toc
LaTeX Font Info:    External font `cmex10' loaded for size
(Font)              <10.95> on input line 1.
)
\tf@toc=\write3
\openout3 = `fisheries_report.toc'.

 [1

{/var/lib/texmf/fonts/map/pdftex/updmap/pdftex.map}]
LaTeX Font Info:    Try loading font information for OMS+cmr on input line 103.

(/usr/share/texmf-texlive/tex/latex/base/omscmr.fd
File: omscmr.fd 1999/05/25 v2.5h Standard LaTeX font definitions
)
LaTeX Font Info:    Font shape `OMS/cmr/m/n' in size <10.95> not available
(Font)              Font shape `OMS/cmsy/m/n' tried instead on input line 103.
 [2]
<Chart_database.png, id=13, 430.60875pt x 252.19218pt>
File: Chart_database.png Graphic file (type png)

<use Chart_database.png> <Chart_gis.png, id=14, 432.86719pt x 252.19218pt>
File: Chart_gis.png Graphic file (type png)

<use Chart_gis.png> <Chart_internet.png, id=15, 438.8897pt x 251.43938pt>
File: Chart_internet.png Graphic file (type png)

<use Chart_internet.png> <Chart_expert.png, id=16, 432.86719pt x 246.9225pt>
File: Chart_expert.png Graphic file (type png)

<use Chart_expert.png> <Chart_license.png, id=17, 432.11438pt x 252.19218pt>
File: Chart_license.png Graphic file (type png)

<use Chart_license.png> [3]
Underfull \hbox (badness 10000) in paragraph at lines 188--188
[]\OT1/cmr/m/n/10.95 Web- based
 []


Underfull \hbox (badness 10000) in paragraph at lines 188--188
\OT1/cmr/m/n/10.95 data ware-house
 []


Underfull \hbox (badness 1895) in paragraph at lines 188--188
\OT1/cmr/m/n/10.95 ap-pli-ca-tion. It
 []


Underfull \hbox (badness 10000) in paragraph at lines 188--188
\OT1/cmr/m/n/10.95 is a plat-tform
 []


Underfull \hbox (badness 10000) in paragraph at lines 188--188
\OT1/cmr/m/n/10.95 for data com-
 []


Underfull \hbox (badness 10000) in paragraph at lines 188--188
\OT1/cmr/m/n/10.95 pi-la-tion and
 []


Underfull \hbox (badness 3701) in paragraph at lines 188--188
\OT1/cmr/m/n/10.95 tab-u-lat-ing, that
 []


Underfull \hbox (badness 10000) in paragraph at lines 188--188
\OT1/cmr/m/n/10.95 qual-ity con-trol,
 []


Underfull \hbox (badness 4859) in paragraph at lines 188--188
\OT1/cmr/m/n/10.95 data in-te-gra-tion
 []


Underfull \hbox (badness 10000) in paragraph at lines 188--188
[]\OT1/cmr/m/n/10.95 Modularized
 []


Underfull \hbox (badness 10000) in paragraph at lines 188--188
\OT1/cmr/m/n/10.95 soft-ware ar-chi-
 []


Underfull \hbox (badness 10000) in paragraph at lines 188--188
\OT1/cmr/m/n/10.95 tec-ture; server
 []


Underfull \hbox (badness 10000) in paragraph at lines 188--188
\OT1/cmr/m/n/10.95 client ar-chi-tec-
 []


Underfull \hbox (badness 10000) in paragraph at lines 188--188
\OT1/cmr/m/n/10.95 ture; browser
 []


Underfull \hbox (badness 10000) in paragraph at lines 189--189
[]\OT1/cmr/m/n/10.95 Web-based sys-
 []


Underfull \hbox (badness 10000) in paragraph at lines 189--189
\OT1/cmr/m/n/10.95 fish stock as-
 []


Underfull \hbox (badness 10000) in paragraph at lines 189--189
\OT1/cmr/m/n/10.95 sess-ment data,
 []


Underfull \hbox (badness 10000) in paragraph at lines 189--189
\OT1/cmr/m/n/10.95 fo-cus-ing on
 []


Underfull \hbox (badness 10000) in paragraph at lines 189--189
\OT1/cmr/m/n/10.95 doc-u-ment-ing
 []


Underfull \hbox (badness 3428) in paragraph at lines 189--189
[]\OT1/cmr/m/n/10.95 Client-server ar-
 []


Underfull \hbox (badness 7759) in paragraph at lines 189--189
\OT1/cmr/m/n/10.95 chi-tec-ture (runs
 []


Underfull \hbox (badness 7047) in paragraph at lines 189--189
\OT1/cmr/m/n/10.95 on a browser);
 []


Underfull \hbox (badness 3568) in paragraph at lines 190--190
\OT1/cmr/m/n/10.95 search-ing, view-
 []


Underfull \hbox (badness 10000) in paragraph at lines 190--190
[]\OT1/cmr/m/n/10.95 WMS ser-vice
 []


Underfull \hbox (badness 5161) in paragraph at lines 190--190
\OT1/cmr/m/n/10.95 (Geoserver) and
 []


Underfull \hbox (badness 10000) in paragraph at lines 190--190
\OT1/cmr/m/n/10.95 client (Open-
 []


Underfull \hbox (badness 2521) in paragraph at lines 190--190
\OT1/cmr/m/n/10.95 Lay-ers); it was
 []


Underfull \hbox (badness 10000) in paragraph at lines 190--190
\OT1/cmr/m/n/10.95 de-vel-oped in
 []


Underfull \hbox (badness 10000) in paragraph at lines 190--190
\OT1/cmr/m/n/10.95 PHP, with an
 []


Underfull \hbox (badness 10000) in paragraph at lines 190--190
\OT1/cmr/m/n/10.95 SQL Server
 []


Underfull \hbox (badness 10000) in paragraph at lines 190--190
\OT1/cmr/m/n/10.95 database and
 []


Overfull \hbox (12.90141pt too wide) in paragraph at lines 187--190
 [] 
 []

[4]
Underfull \hbox (badness 10000) in paragraph at lines 191--191
\OT1/cmr/m/n/10.95 dards adopted
 []


Underfull \hbox (badness 5970) in paragraph at lines 191--191
\OT1/cmr/m/n/10.95 mu-nity for the
 []


Underfull \hbox (badness 10000) in paragraph at lines 191--191
\OT1/cmr/m/n/10.95 dis-sem-i-na-tion,
 []


Underfull \hbox (badness 10000) in paragraph at lines 191--191
\OT1/cmr/m/n/10.95 client(Geoserver,
 []


Underfull \hbox (badness 10000) in paragraph at lines 191--191
\OT1/cmr/m/n/10.95 Open-Lay-ers).
 []


Underfull \hbox (badness 1460) in paragraph at lines 191--191
\OT1/cmr/m/n/10.95 MS SQL Server
 []


Underfull \hbox (badness 10000) in paragraph at lines 192--192
[]\OT1/cmr/m/n/10.95 Schooner So-lu-
 []


Underfull \hbox (badness 10000) in paragraph at lines 192--192
[]\OT1/cmr/m/n/10.95 Software that
 []


Underfull \hbox (badness 2478) in paragraph at lines 192--192
\OT1/cmr/m/n/10.95 al-lows fish-er-men
 []


Underfull \hbox (badness 10000) in paragraph at lines 192--192
\OT1/cmr/m/n/10.95 to track and
 []


Underfull \hbox (badness 10000) in paragraph at lines 192--192
\OT1/cmr/m/n/10.95 at the same
 []


Underfull \hbox (badness 1215) in paragraph at lines 192--192
\OT1/cmr/m/n/10.95 re-ports of catch
 []


Underfull \hbox (badness 10000) in paragraph at lines 193--193
[]\OT1/cmr/m/n/10.95 The Cana-dian
 []


Underfull \hbox (badness 10000) in paragraph at lines 193--193
\OT1/cmr/m/n/10.95 Al-ba-core Tuna
 []


Underfull \hbox (badness 4752) in paragraph at lines 193--193
\OT1/cmr/m/n/10.95 Catch And Ef-
 []


Underfull \hbox (badness 10000) in paragraph at lines 193--193
\OT1/cmr/m/n/10.95 fort Re-la-tional
 []


Underfull \hbox (badness 10000) in paragraph at lines 193--193
[]\OT1/cmr/m/n/10.95 System that
 []


Underfull \hbox (badness 10000) in paragraph at lines 193--193
\OT1/cmr/m/n/10.95 pro-vides an-nual
 []


Underfull \hbox (badness 10000) in paragraph at lines 193--193
\OT1/cmr/m/n/10.95 catch es-ti-mates
 []


Underfull \hbox (badness 10000) in paragraph at lines 193--193
\OT1/cmr/m/n/10.95 al-ba-core troll
 []


Underfull \hbox (badness 10000) in paragraph at lines 193--193
\OT1/cmr/m/n/10.95 fish-ery based
 []


Underfull \hbox (badness 10000) in paragraph at lines 193--193
\OT1/cmr/m/n/10.95 on sales slips,
 []


Underfull \hbox (badness 10000) in paragraph at lines 193--193
\OT1/cmr/m/n/10.95 log-books, and
 []


Underfull \hbox (badness 1270) in paragraph at lines 194--194
[]\OT1/cmr/m/n/10.95 Database fish-ery
 []


Underfull \hbox (badness 10000) in paragraph at lines 194--194
\OT1/cmr/m/n/10.95 man-age-ment
 []


Underfull \hbox (badness 10000) in paragraph at lines 194--194
\OT1/cmr/m/n/10.95 so-lu-tions for:
 []


Underfull \hbox (badness 10000) in paragraph at lines 194--194
\OT1/cmr/m/n/10.95 man-age-ment,
 []


Underfull \hbox (badness 10000) in paragraph at lines 194--194
\OT1/cmr/m/n/10.95 data qual-ity
 []


Underfull \hbox (badness 10000) in paragraph at lines 194--194
\OT1/cmr/m/n/10.95 con-trol, ad-min-
 []


Underfull \hbox (badness 10000) in paragraph at lines 194--194
\OT1/cmr/m/n/10.95 is-tra-tion, and
 []


Underfull \hbox (badness 6157) in paragraph at lines 194--194
[]\OT1/cmr/m/n/10.95 Server-client ar-
 []


Underfull \hbox (badness 10000) in paragraph at lines 194--194
\OT1/cmr/m/n/10.95 in SQL Server
 []


Underfull \hbox (badness 3229) in paragraph at lines 194--194
\OT1/cmr/m/n/10.95 ac-cess (sup-ports
 []


Underfull \hbox (badness 3930) in paragraph at lines 194--194
\OT1/cmr/m/n/10.95 the map-ping is
 []


Underfull \hbox (badness 10000) in paragraph at lines 194--194
\OT1/cmr/m/n/10.95 a loose cou-ple
 []


Overfull \hbox (12.90141pt too wide) in paragraph at lines 190--194
 [] 
 []

[5]
Underfull \hbox (badness 10000) in paragraph at lines 195--195
\OT1/cmr/m/n/10.95 Query Sys-tem
 []


Underfull \hbox (badness 10000) in paragraph at lines 195--195
[]\OT1/cmr/m/n/10.95 Menu-driven
 []


Underfull \hbox (badness 10000) in paragraph at lines 195--195
\OT1/cmr/m/n/10.95 sys-tem, which
 []


Underfull \hbox (badness 10000) in paragraph at lines 195--195
\OT1/cmr/m/n/10.95 al-lows mem-ber
 []


Underfull \hbox (badness 1675) in paragraph at lines 195--195
\OT1/cmr/m/n/10.95 coun-tries to ex-
 []


Underfull \hbox (badness 3930) in paragraph at lines 195--195
\OT1/cmr/m/n/10.95 tract sum-maries
 []


Underfull \hbox (badness 10000) in paragraph at lines 195--195
\OT1/cmr/m/n/10.95 of op-er-a-tional
 []


Underfull \hbox (badness 10000) in paragraph at lines 195--195
\OT1/cmr/m/n/10.95 logsheet data,
 []


Underfull \hbox (badness 10000) in paragraph at lines 195--195
\OT1/cmr/m/n/10.95 domain catch
 []


Underfull \hbox (badness 1546) in paragraph at lines 195--195
\OT1/cmr/m/n/10.95 and ef-fort data,
 []


Underfull \hbox (badness 1496) in paragraph at lines 195--195
[]\OT1/cmr/m/n/10.95 It uses Map-info
 []


Underfull \hbox (badness 6396) in paragraph at lines 196--196
[]\OT1/cmr/m/n/10.95 Fishery An-a-lyst
 []


Overfull \hbox (1.28923pt too wide) in paragraph at lines 196--196
[]\OT1/cmr/m/n/10.95 MappaMondoGIS| 
 []


Underfull \hbox (badness 10000) in paragraph at lines 196--196
\OT1/cmr/m/n/10.95 fish-ery data,
 []


Underfull \hbox (badness 2478) in paragraph at lines 196--196
\OT1/cmr/m/n/10.95 an-a-lyze and vi-
 []


Underfull \hbox (badness 2564) in paragraph at lines 196--196
\OT1/cmr/m/n/10.95 su-al-ize tem-po-ral
 []


Underfull \hbox (badness 3815) in paragraph at lines 196--196
\OT1/cmr/m/n/10.95 terns of fish-ery
 []


Underfull \hbox (badness 10000) in paragraph at lines 196--196
[]\OT1/cmr/m/n/10.95 It uses the
 []


Underfull \hbox (badness 1661) in paragraph at lines 196--196
\OT1/cmr/m/n/10.95 Google and Ar-
 []


Underfull \hbox (badness 4391) in paragraph at lines 196--196
\OT1/cmr/m/n/10.95 cGIS JavaScript
 []


Underfull \hbox (badness 10000) in paragraph at lines 196--196
\OT1/cmr/m/n/10.95 APIs and the
 []


Underfull \hbox (badness 6396) in paragraph at lines 197--197
[]\OT1/cmr/m/n/10.95 Fishery An-a-lyst
 []


Underfull \hbox (badness 4454) in paragraph at lines 197--197
\OT1/cmr/m/n/10.95 for Ar-cGIS 9.x
 []


Overfull \hbox (1.28923pt too wide) in paragraph at lines 197--197
[]\OT1/cmr/m/n/10.95 MappaMondoGIS| 
 []


Underfull \hbox (badness 10000) in paragraph at lines 197--197
[]\OT1/cmr/m/n/10.95 Software for
 []


Underfull \hbox (badness 5637) in paragraph at lines 197--197
\OT1/cmr/m/n/10.95 the quan-ti-ta-tive
 []


Underfull \hbox (badness 10000) in paragraph at lines 197--197
\OT1/cmr/m/n/10.95 es-ti-ma-tion and
 []


Underfull \hbox (badness 10000) in paragraph at lines 197--197
\OT1/cmr/m/n/10.95 vi-su-al-iza-tion of
 []


Underfull \hbox (badness 1127) in paragraph at lines 197--197
\OT1/cmr/m/n/10.95 catch and ef-fort
 []


Underfull \hbox (badness 1527) in paragraph at lines 197--197
\OT1/cmr/m/n/10.95 and their vari-a-
 []


Underfull \hbox (badness 10000) in paragraph at lines 197--197
\OT1/cmr/m/n/10.95 time, anal-y-sis
 []


Underfull \hbox (badness 1789) in paragraph at lines 197--197
\OT1/cmr/m/n/10.95 of fish-ing ves-sel
 []


Underfull \hbox (badness 2884) in paragraph at lines 197--197
\OT1/cmr/m/n/10.95 uti-liza-tion, data
 []


Underfull \hbox (badness 10000) in paragraph at lines 197--197
\OT1/cmr/m/n/10.95 qual-ity con-trol,
 []


Underfull \hbox (badness 5274) in paragraph at lines 197--197
\OT1/cmr/m/n/10.95 lo-ca-tion of im-
 []


Underfull \hbox (badness 10000) in paragraph at lines 197--197
\OT1/cmr/m/n/10.95 and threat-ened
 []


Underfull \hbox (badness 10000) in paragraph at lines 197--197
[]\OT1/cmr/m/n/10.95 Developed in
 []


Underfull \hbox (badness 10000) in paragraph at lines 197--197
\OT1/cmr/m/n/10.95 VBA (ar-cob-
 []


Underfull \hbox (badness 10000) in paragraph at lines 197--197
\OT1/cmr/m/n/10.95 jects), in-side
 []


Underfull \hbox (badness 10000) in paragraph at lines 197--197
\OT1/cmr/m/n/10.95 ESRI Ar-cGIS.
 []


Underfull \hbox (badness 10000) in paragraph at lines 197--197
\OT1/cmr/m/n/10.95 The data is
 []


Underfull \hbox (badness 6477) in paragraph at lines 197--197
\OT1/cmr/m/n/10.95 stored in DBF
 []


Overfull \hbox (12.90141pt too wide) in paragraph at lines 194--197
 [] 
 []

[6]
Underfull \hbox (badness 10000) in paragraph at lines 198--198
[]\OT1/cmr/m/n/10.95 Collaborative
 []


Underfull \hbox (badness 10000) in paragraph at lines 198--198
\OT1/cmr/m/n/10.95 Cen-ter) Asian
 []


Underfull \hbox (badness 10000) in paragraph at lines 198--198
[]\OT1/cmr/m/n/10.95 Data man-age-
 []


Underfull \hbox (badness 10000) in paragraph at lines 198--198
\OT1/cmr/m/n/10.95 sci-en-tific trawl
 []


Underfull \hbox (badness 10000) in paragraph at lines 198--198
\OT1/cmr/m/n/10.95 in-cludes data
 []


Underfull \hbox (badness 10000) in paragraph at lines 198--198
\OT1/cmr/m/n/10.95 al-ity; out-puts:
 []


Underfull \hbox (badness 10000) in paragraph at lines 198--198
\OT1/cmr/m/n/10.95 catch, CPUE
 []


Underfull \hbox (badness 10000) in paragraph at lines 198--198
\OT1/cmr/m/n/10.95 and biomass
 []


Underfull \hbox (badness 7397) in paragraph at lines 198--198
\OT1/cmr/m/n/10.95 es-ti-mates. It
 []


Underfull \hbox (badness 10000) in paragraph at lines 198--198
\OT1/cmr/m/n/10.95 in-cludes vi-su-al-
 []


Underfull \hbox (badness 10000) in paragraph at lines 198--198
\OT1/cmr/m/n/10.95 an-a-lyt-i-cal rou-
 []


Underfull \hbox (badness 1112) in paragraph at lines 198--198
\OT1/cmr/m/n/10.95 tine to es-ti-mate
 []


Underfull \hbox (badness 10000) in paragraph at lines 198--198
\OT1/cmr/m/n/10.95 biomass, and
 []


Underfull \hbox (badness 4229) in paragraph at lines 198--198
\OT1/cmr/m/n/10.95 data im-port/-ex-
 []


Underfull \hbox (badness 10000) in paragraph at lines 198--198
[]\OT1/cmr/m/n/10.95 Server-client
 []


Underfull \hbox (badness 10000) in paragraph at lines 198--198
\OT1/cmr/m/n/10.95 ar-chi-tec-ture.
 []


Underfull \hbox (badness 10000) in paragraph at lines 198--198
\OT1/cmr/m/n/10.95 Server in MS
 []


Underfull \hbox (badness 10000) in paragraph at lines 198--198
\OT1/cmr/m/n/10.95 ac-cess/ SQL
 []


Underfull \hbox (badness 10000) in paragraph at lines 198--198
\OT1/cmr/m/n/10.95 Server (Win-
 []


Underfull \hbox (badness 10000) in paragraph at lines 199--199
[]\OT1/cmr/m/n/10.95 Instituto Na-
 []


Underfull \hbox (badness 1688) in paragraph at lines 199--199
\OT1/cmr/m/n/10.95 cional de In-ves-
 []


Underfull \hbox (badness 1496) in paragraph at lines 199--199
\OT1/cmr/m/n/10.95 for stor-ing data
 []


Underfull \hbox (badness 10000) in paragraph at lines 199--199
\OT1/cmr/m/n/10.95 from ar-ti-sanal
 []


Underfull \hbox (badness 10000) in paragraph at lines 199--199
\OT1/cmr/m/n/10.95 fish-eries and
 []


Underfull \hbox (badness 10000) in paragraph at lines 199--199
\OT1/cmr/m/n/10.95 efec-tu-ate some
 []


Underfull \hbox (badness 10000) in paragraph at lines 199--199
\OT1/cmr/m/n/10.95 cal-cu-lus and
 []


Underfull \hbox (badness 10000) in paragraph at lines 199--199
\OT1/cmr/m/n/10.95 re-ports (catch,
 []


Underfull \hbox (badness 10000) in paragraph at lines 199--199
\OT1/cmr/m/n/10.95 ef-fort, CPUE).
 []


Underfull \hbox (badness 10000) in paragraph at lines 199--199
\OT1/cmr/m/n/10.95 It in-cludes an
 []


Underfull \hbox (badness 10000) in paragraph at lines 199--199
\OT1/cmr/m/n/10.95 in-ter-face for
 []


Underfull \hbox (badness 1215) in paragraph at lines 199--199
\OT1/cmr/m/n/10.95 data ac-qui-si-tion,
 []


Underfull \hbox (badness 10000) in paragraph at lines 199--199
\OT1/cmr/m/n/10.95 anal-y-sis and
 []


Underfull \hbox (badness 10000) in paragraph at lines 199--199
[]\OT1/cmr/m/n/10.95 Developed in
 []


Underfull \hbox (badness 10000) in paragraph at lines 199--199
\OT1/cmr/m/n/10.95 97 (Win-dows
 []


Underfull \hbox (badness 1122) in paragraph at lines 199--199
\OT1/cmr/m/n/10.95 98); the sys-tem
 []


Underfull \hbox (badness 3815) in paragraph at lines 199--199
\OT1/cmr/m/n/10.95 is split in two
 []


Underfull \hbox (badness 4467) in paragraph at lines 199--199
\OT1/cmr/m/n/10.95 databases: one
 []


Underfull \hbox (badness 10000) in paragraph at lines 199--199
\OT1/cmr/m/n/10.95 con-tain-ins the
 []


Underfull \hbox (badness 10000) in paragraph at lines 199--199
\OT1/cmr/m/n/10.95 data and the
 []


Underfull \hbox (badness 10000) in paragraph at lines 199--199
\OT1/cmr/m/n/10.95 (UI+processing);
 []


Underfull \hbox (badness 4792) in paragraph at lines 199--199
\OT1/cmr/m/n/10.95 spe-cific Ac-tiveX
 []


Underfull \hbox (badness 3815) in paragraph at lines 199--199
\OT1/cmr/m/n/10.95 (Mi-crosoft Flex-
 []


Underfull \hbox (badness 10000) in paragraph at lines 199--199
\OT1/cmr/m/n/10.95 and Li-braries
 []


Overfull \hbox (12.90141pt too wide) in paragraph at lines 197--199
 [] 
 []

[7]
Underfull \hbox (badness 10000) in paragraph at lines 200--200
[]\OT1/cmr/m/n/10.95 System that
 []


Underfull \hbox (badness 10000) in paragraph at lines 200--200
\OT1/cmr/m/n/10.95 uses Satel-lite
 []


Underfull \hbox (badness 3989) in paragraph at lines 200--200
\OT1/cmr/m/n/10.95 data (VMS) to
 []


Underfull \hbox (badness 4254) in paragraph at lines 200--200
\OT1/cmr/m/n/10.95 map ef-fort and
 []


Underfull \hbox (badness 10000) in paragraph at lines 200--200
[]\OT1/cmr/m/n/10.95 Modular stand-
 []


Underfull \hbox (badness 10000) in paragraph at lines 200--200
\OT1/cmr/m/n/10.95 with em-bebed
 []


Underfull \hbox (badness 10000) in paragraph at lines 200--200
\OT1/cmr/m/n/10.95 vel-oped us-ing:
 []


Underfull \hbox (badness 10000) in paragraph at lines 200--200
\OT1/cmr/m/n/10.95 ADODB and
 []


Underfull \hbox (badness 7064) in paragraph at lines 200--200
\OT1/cmr/m/n/10.95 MapOb-jects 2.0
 []


Underfull \hbox (badness 1242) in paragraph at lines 200--200
\OT1/cmr/m/n/10.95 Ac-cess Database
 []


Underfull \hbox (badness 10000) in paragraph at lines 201--201
[]\OT1/cmr/m/n/10.95 Geocrust 2.0
 []


Underfull \hbox (badness 10000) in paragraph at lines 201--201
[]\OT1/cmr/m/n/10.95 Improvement of
 []


Underfull \hbox (badness 10000) in paragraph at lines 201--201
\OT1/cmr/m/n/10.95 the Geocrust
 []


Underfull \hbox (badness 10000) in paragraph at lines 201--201
\OT1/cmr/m/n/10.95 ap-pli-ca-tion, as
 []


Underfull \hbox (badness 10000) in paragraph at lines 201--201
\OT1/cmr/m/n/10.95 a con-se-quence
 []


Underfull \hbox (badness 10000) in paragraph at lines 201--201
\OT1/cmr/m/n/10.95 method-ol-ogy
 []


Underfull \hbox (badness 10000) in paragraph at lines 201--201
\OT1/cmr/m/n/10.95 to the ground
 []


Underfull \hbox (badness 10000) in paragraph at lines 201--201
\OT1/cmr/m/n/10.95 fish trawl flee,
 []


Underfull \hbox (badness 2020) in paragraph at lines 201--201
\OT1/cmr/m/n/10.95 a larger pe-riod,
 []


Underfull \hbox (badness 10000) in paragraph at lines 201--201
\OT1/cmr/m/n/10.95 and a larger
 []


Underfull \hbox (badness 10000) in paragraph at lines 201--201
\OT1/cmr/m/n/10.95 ge-o-graph-i-cal
 []


Underfull \hbox (badness 10000) in paragraph at lines 201--201
[]\OT1/cmr/m/n/10.95 The db was
 []


Underfull \hbox (badness 10000) in paragraph at lines 201--201
\OT1/cmr/m/n/10.95 mi-grated to
 []


Underfull \hbox (badness 10000) in paragraph at lines 201--201
\OT1/cmr/m/n/10.95 MySQL run-
 []


Underfull \hbox (badness 10000) in paragraph at lines 201--201
\OT1/cmr/m/n/10.95 server (higher
 []


Underfull \hbox (badness 10000) in paragraph at lines 201--201
\OT1/cmr/m/n/10.95 se-cu-rity). It
 []


Underfull \hbox (badness 6236) in paragraph at lines 201--201
\OT1/cmr/m/n/10.95 were in-tro-duced
 []


Underfull \hbox (badness 10000) in paragraph at lines 201--201
\OT1/cmr/m/n/10.95 Ar-tif-i-cal In-tel-li-
 []


Underfull \hbox (badness 10000) in paragraph at lines 201--201
\OT1/cmr/m/n/10.95 gence meth-ods
 []


Underfull \hbox (badness 2042) in paragraph at lines 201--201
\OT1/cmr/m/n/10.95 for trawl de-tec-
 []


Underfull \hbox (badness 10000) in paragraph at lines 201--201
\OT1/cmr/m/n/10.95 to the man-ual
 []


Overfull \hbox (12.90141pt too wide) in paragraph at lines 199--201
 [] 
 []

[8]
Underfull \hbox (badness 3354) in paragraph at lines 202--202
[]\OT1/cmr/m/n/10.95 Geopescas Web-
 []


Underfull \hbox (badness 10000) in paragraph at lines 202--202
[]\OT1/cmr/m/n/10.95 Website to
 []


Underfull \hbox (badness 10000) in paragraph at lines 202--202
\OT1/cmr/m/n/10.95 dis-sem-i-nate
 []


Underfull \hbox (badness 10000) in paragraph at lines 202--202
\OT1/cmr/m/n/10.95 geo-referenced
 []


Underfull \hbox (badness 10000) in paragraph at lines 202--202
\OT1/cmr/m/n/10.95 in-for-ma-tion on
 []


Underfull \hbox (badness 10000) in paragraph at lines 202--202
\OT1/cmr/m/n/10.95 fish-ing ef-fort,
 []


Underfull \hbox (badness 10000) in paragraph at lines 202--202
\OT1/cmr/m/n/10.95 through fish-
 []


Underfull \hbox (badness 10000) in paragraph at lines 202--202
\OT1/cmr/m/n/10.95 fish-ery ad-min-
 []


Underfull \hbox (badness 10000) in paragraph at lines 202--202
\OT1/cmr/m/n/10.95 is-tra-tion and
 []


Underfull \hbox (badness 5274) in paragraph at lines 202--202
\OT1/cmr/m/n/10.95 fish-ing in-dus-try.
 []


Underfull \hbox (badness 10000) in paragraph at lines 202--202
\OT1/cmr/m/n/10.95 It shows some
 []


Underfull \hbox (badness 10000) in paragraph at lines 202--202
\OT1/cmr/m/n/10.95 of the maps
 []


Underfull \hbox (badness 10000) in paragraph at lines 202--202
\OT1/cmr/m/n/10.95 gen-er-ated by
 []


Underfull \hbox (badness 10000) in paragraph at lines 202--202
\OT1/cmr/m/n/10.95 the Geocrust
 []


Underfull \hbox (badness 3612) in paragraph at lines 202--202
\OT1/cmr/m/n/10.95 soft-ware and it
 []


Underfull \hbox (badness 10000) in paragraph at lines 202--202
\OT1/cmr/m/n/10.95 of-fers dy-namic
 []


Underfull \hbox (badness 10000) in paragraph at lines 202--202
\OT1/cmr/m/n/10.95 map-ping, us-ing
 []


Underfull \hbox (badness 10000) in paragraph at lines 202--202
[]\OT1/cmr/m/n/10.95 It uses the
 []


Underfull \hbox (badness 10000) in paragraph at lines 202--202
\OT1/cmr/m/n/10.95 Geoserver map-
 []


Underfull \hbox (badness 1019) in paragraph at lines 202--202
\OT1/cmr/m/n/10.95 ping com-po-nent,
 []


Underfull \hbox (badness 10000) in paragraph at lines 202--202
\OT1/cmr/m/n/10.95 cos-tu-mised
 []


Underfull \hbox (badness 10000) in paragraph at lines 202--202
\OT1/cmr/m/n/10.95 through JAVA
 []


Overfull \hbox (12.90141pt too wide) in paragraph at lines 201--202
 [] 
 []

[9]
Underfull \hbox (badness 2435) in paragraph at lines 203--203
[]\OT1/cmr/m/n/10.95 Project fi-nanced
 []


Underfull \hbox (badness 10000) in paragraph at lines 203--203
\OT1/cmr/m/n/10.95 Com-mis-sion
 []


Underfull \hbox (badness 10000) in paragraph at lines 203--203
\OT1/cmr/m/n/10.95 un-der the call
 []


Underfull \hbox (badness 2478) in paragraph at lines 203--203
\OT1/cmr/m/n/10.95 FISH/2006/15 {
 []


Underfull \hbox (badness 10000) in paragraph at lines 203--203
[]\OT1/cmr/m/n/10.95 Open Source
 []


Underfull \hbox (badness 2189) in paragraph at lines 203--203
\OT1/cmr/m/n/10.95 Tool for rais-ing
 []


Underfull \hbox (badness 10000) in paragraph at lines 203--203
\OT1/cmr/m/n/10.95 and es-ti-mat-ing
 []


Underfull \hbox (badness 10000) in paragraph at lines 203--203
\OT1/cmr/m/n/10.95 Data Col-lec-tion
 []


Underfull \hbox (badness 10000) in paragraph at lines 203--203
[]\OT1/cmr/m/n/10.95 set of R li-
 []


Underfull \hbox (badness 10000) in paragraph at lines 203--203
\OT1/cmr/m/n/10.95 braries, with
 []


Underfull \hbox (badness 10000) in paragraph at lines 203--203
\OT1/cmr/m/n/10.95 the fol-low-ing
 []


Underfull \hbox (badness 10000) in paragraph at lines 203--203
\OT1/cmr/m/n/10.95 func-tion-al-i-ties:
 []


Underfull \hbox (badness 10000) in paragraph at lines 203--203
\OT1/cmr/m/n/10.95 , es-ti-mate the
 []


Underfull \hbox (badness 10000) in paragraph at lines 203--203
\OT1/cmr/m/n/10.95 pa-ram-e-ters and
 []


Underfull \hbox (badness 2119) in paragraph at lines 203--203
\OT1/cmr/m/n/10.95 re-lated pre-ci-sion
 []


Underfull \hbox (badness 4217) in paragraph at lines 203--203
\OT1/cmr/m/n/10.95 and do sim-u-la-
 []


Underfull \hbox (badness 3701) in paragraph at lines 203--203
\OT1/cmr/m/n/10.95 data in a well
 []


Underfull \hbox (badness 10000) in paragraph at lines 204--204
[]\OT1/cmr/m/n/10.95 Catch As-sess-
 []


Underfull \hbox (badness 1789) in paragraph at lines 204--204
\OT1/cmr/m/n/10.95 Sta-tis-ti-cal frame
 []


Underfull \hbox (badness 10000) in paragraph at lines 204--204
\OT1/cmr/m/n/10.95 sur-vey of the
 []


Underfull \hbox (badness 10000) in paragraph at lines 204--204
\OT1/cmr/m/n/10.95 of Kon-tagora
 []


Underfull \hbox (badness 10000) in paragraph at lines 204--204
[]\OT1/cmr/m/n/10.95 Catch As-sess-
 []


Underfull \hbox (badness 1789) in paragraph at lines 204--204
\OT1/cmr/m/n/10.95 Sta-tis-ti-cal frame
 []


Underfull \hbox (badness 10000) in paragraph at lines 204--204
\OT1/cmr/m/n/10.95 to sus-tain the
 []


Underfull \hbox (badness 10000) in paragraph at lines 204--204
\OT1/cmr/m/n/10.95 for-mu-lat-ing of
 []


Underfull \hbox (badness 10000) in paragraph at lines 204--204
\OT1/cmr/m/n/10.95 man-age-ment
 []


Underfull \hbox (badness 10000) in paragraph at lines 204--204
[]\OT1/cmr/m/n/10.95 Count and
 []


Underfull \hbox (badness 10000) in paragraph at lines 205--205
[]\OT1/cmr/m/n/10.95 Artisanal Fish-
 []


Underfull \hbox (badness 2970) in paragraph at lines 205--205
\OT1/cmr/m/n/10.95 eries Data Col-
 []


Underfull \hbox (badness 10000) in paragraph at lines 205--205
\OT1/cmr/m/n/10.95 lec-tion And
 []


Underfull \hbox (badness 10000) in paragraph at lines 205--205
\OT1/cmr/m/n/10.95 Man-age-ment In
 []


Underfull \hbox (badness 10000) in paragraph at lines 205--205
[]\OT1/cmr/m/n/10.95 UNU Fish-eries
 []


Underfull \hbox (badness 10000) in paragraph at lines 205--205
\OT1/cmr/m/n/10.95 Train-ing Pro-
 []


Underfull \hbox (badness 10000) in paragraph at lines 205--205
\OT1/cmr/m/n/10.95 gram Fish-eries
 []


Underfull \hbox (badness 2197) in paragraph at lines 205--205
[]\OT1/cmr/m/n/10.95 Simple sam-pling
 []


Underfull \hbox (badness 2452) in paragraph at lines 205--205
\OT1/cmr/m/n/10.95 pro-ce-dure, com-
 []


Underfull \hbox (badness 10000) in paragraph at lines 205--205
\OT1/cmr/m/n/10.95 mu-nity based
 []


Underfull \hbox (badness 10000) in paragraph at lines 205--205
\OT1/cmr/m/n/10.95 data col-lec-tion
 []


Underfull \hbox (badness 7576) in paragraph at lines 205--205
\OT1/cmr/m/n/10.95 i-fy-ing of types
 []


Underfull \hbox (badness 6125) in paragraph at lines 205--205
\OT1/cmr/m/n/10.95 of data to be
 []


Underfull \hbox (badness 1342) in paragraph at lines 205--205
\OT1/cmr/m/n/10.95 col-lected. This
 []


Underfull \hbox (badness 4096) in paragraph at lines 205--205
\OT1/cmr/m/n/10.95 sys-tem also in-
 []


Underfull \hbox (badness 10000) in paragraph at lines 205--205
\OT1/cmr/m/n/10.95 cludes anal-y-sis
 []


Underfull \hbox (badness 4217) in paragraph at lines 205--205
\OT1/cmr/m/n/10.95 meth-ods and a
 []


Overfull \hbox (12.90141pt too wide) in paragraph at lines 202--205
 [] 
 []

[10]
Underfull \hbox (badness 10000) in paragraph at lines 206--206
[]\OT1/cmr/m/n/10.95 Lake Vic-to-ria
 []


Underfull \hbox (badness 10000) in paragraph at lines 206--206
[]\OT1/cmr/m/n/10.95 Catch As-sess-
 []


Underfull \hbox (badness 10000) in paragraph at lines 206--206
\OT1/cmr/m/n/10.95 ment Sur-veys,
 []


Underfull \hbox (badness 10000) in paragraph at lines 206--206
\OT1/cmr/m/n/10.95 two-stage strat-
 []


Underfull \hbox (badness 10000) in paragraph at lines 206--206
\OT1/cmr/m/n/10.95 i-fied sam-pling
 []


Underfull \hbox (badness 10000) in paragraph at lines 206--206
\OT1/cmr/m/n/10.95 de-sign and es-
 []


Underfull \hbox (badness 10000) in paragraph at lines 206--206
\OT1/cmr/m/n/10.95 ti-ma-tion of
 []


Underfull \hbox (badness 1502) in paragraph at lines 206--206
\OT1/cmr/m/n/10.95 CAS-based In-di-
 []


Underfull \hbox (badness 1515) in paragraph at lines 206--206
[]\OT1/cmr/m/n/10.95 data forms (pa-
 []


Underfull \hbox (badness 10000) in paragraph at lines 207--207
[]\OT1/cmr/m/n/10.95 Barahona Data
 []


Underfull \hbox (badness 10000) in paragraph at lines 207--207
\OT1/cmr/m/n/10.95 Col-lec-tion Sys-
 []


Underfull \hbox (badness 10000) in paragraph at lines 207--207
[]\OT1/cmr/m/n/10.95 Barahona
 []


Underfull \hbox (badness 10000) in paragraph at lines 207--207
\OT1/cmr/m/n/10.95 Data Col
 []


Underfull \hbox (badness 10000) in paragraph at lines 207--207
\OT1/cmr/m/n/10.95 PROPESCAR-
 []


Underfull \hbox (badness 10000) in paragraph at lines 207--207
[]\OT1/cmr/m/n/10.95 National Data
 []


Underfull \hbox (badness 10000) in paragraph at lines 207--207
\OT1/cmr/m/n/10.95 Col-lec-tion Sys-
 []


Underfull \hbox (badness 1655) in paragraph at lines 207--207
\OT1/cmr/m/n/10.95 records and the
 []


Underfull \hbox (badness 10000) in paragraph at lines 207--207
\OT1/cmr/m/n/10.95 cal-cu-la-tions are
 []


Underfull \hbox (badness 10000) in paragraph at lines 208--208
[]\OT1/cmr/m/n/10.95 Saman^^Sa Fish-
 []


Underfull \hbox (badness 10000) in paragraph at lines 208--208
\OT1/cmr/m/n/10.95 eries De-vel-op-
 []


Underfull \hbox (badness 10000) in paragraph at lines 208--208
\OT1/cmr/m/n/10.95 ment Project
 []


Underfull \hbox (badness 2393) in paragraph at lines 208--208
[]\OT1/cmr/m/n/10.95 Logbook record-
 []


Underfull \hbox (badness 10000) in paragraph at lines 209--209
[]\OT1/cmr/m/n/10.95 Fisheries In-
 []


Underfull \hbox (badness 10000) in paragraph at lines 209--209
\OT1/cmr/m/n/10.95 de-pen-dent
 []


Underfull \hbox (badness 10000) in paragraph at lines 209--209
\OT1/cmr/m/n/10.95 Survey-Based
 []


Underfull \hbox (badness 5417) in paragraph at lines 209--209
\OT1/cmr/m/n/10.95 Op-er-a-tional As-
 []


Underfull \hbox (badness 10000) in paragraph at lines 209--209
\OT1/cmr/m/n/10.95 sess-ment Tools.
 []


Underfull \hbox (badness 2173) in paragraph at lines 209--209
\OT1/cmr/m/n/10.95 the ma-jor is-sue
 []


Underfull \hbox (badness 1102) in paragraph at lines 209--209
\OT1/cmr/m/n/10.95 through the use
 []


Underfull \hbox (badness 1112) in paragraph at lines 209--209
\OT1/cmr/m/n/10.95 of new meth-ods
 []


Underfull \hbox (badness 1383) in paragraph at lines 209--209
[]\OT1/cmr/m/n/10.95 R, FLR sim-u-la-
 []


Underfull \hbox (badness 10000) in paragraph at lines 209--209
\OT1/cmr/m/n/10.95 tion frame-work
 []


Overfull \hbox (12.90141pt too wide) in paragraph at lines 205--209
 [] 
 []

[11]
Underfull \hbox (badness 10000) in paragraph at lines 210--210
[]\OT1/cmr/m/n/10.95 Probability-
 []


Underfull \hbox (badness 10000) in paragraph at lines 210--210
\OT1/cmr/m/n/10.95 based sur-vey
 []


Underfull \hbox (badness 10000) in paragraph at lines 210--210
\OT1/cmr/m/n/10.95 tech-niques in
 []


Underfull \hbox (badness 10000) in paragraph at lines 210--210
[]\OT1/cmr/m/n/10.95 Instituto Na-
 []


Underfull \hbox (badness 1688) in paragraph at lines 210--210
\OT1/cmr/m/n/10.95 cional de In-ves-
 []


Underfull \hbox (badness 10000) in paragraph at lines 210--210
[]\OT1/cmr/m/n/10.95 Probability-
 []


Underfull \hbox (badness 10000) in paragraph at lines 210--210
\OT1/cmr/m/n/10.95 based sur-vey
 []


Underfull \hbox (badness 10000) in paragraph at lines 210--210
\OT1/cmr/m/n/10.95 tech-niques for
 []


Underfull \hbox (badness 10000) in paragraph at lines 210--210
\OT1/cmr/m/n/10.95 coastal small-
 []


Underfull \hbox (badness 10000) in paragraph at lines 210--210
[]\OT1/cmr/m/n/10.95 onsite sur-vey,
 []


Underfull \hbox (badness 10000) in paragraph at lines 211--211
[]\OT1/cmr/m/n/10.95 Programme for
 []


Underfull \hbox (badness 5519) in paragraph at lines 211--211
\OT1/cmr/m/n/10.95 of lo-cal fish-ery
 []


Underfull \hbox (badness 10000) in paragraph at lines 211--211
\OT1/cmr/m/n/10.95 pro-duc-tion in
 []


Underfull \hbox (badness 10000) in paragraph at lines 211--211
[]\OT1/cmr/m/n/10.95 Peace Corps
 []


Underfull \hbox (badness 1325) in paragraph at lines 211--211
\OT1/cmr/m/n/10.95 Ma-rine Bi-ol-o-gist
 []


Underfull \hbox (badness 10000) in paragraph at lines 211--211
\OT1/cmr/m/n/10.95 Fish-eries Di-vi-
 []


Underfull \hbox (badness 10000) in paragraph at lines 211--211
\OT1/cmr/m/n/10.95 sion, West-ern
 []


Underfull \hbox (badness 10000) in paragraph at lines 211--211
\OT1/cmr/m/n/10.95 of lo-cal fish-
 []


Underfull \hbox (badness 10000) in paragraph at lines 211--211
\OT1/cmr/m/n/10.95 ery pro-duc-tion,
 []


Underfull \hbox (badness 10000) in paragraph at lines 211--211
\OT1/cmr/m/n/10.95 that con-sists
 []


Underfull \hbox (badness 10000) in paragraph at lines 211--211
\OT1/cmr/m/n/10.95 in data col-lec-
 []


Underfull \hbox (badness 10000) in paragraph at lines 211--211
\OT1/cmr/m/n/10.95 tion(interviews)
 []


Underfull \hbox (badness 1014) in paragraph at lines 211--211
\OT1/cmr/m/n/10.95 and data anal-y-
 []


Underfull \hbox (badness 5446) in paragraph at lines 211--211
[]\OT1/cmr/m/n/10.95 It uses writ-ten
 []


Underfull \hbox (badness 4726) in paragraph at lines 211--211
\OT1/cmr/m/n/10.95 down in-ter-views
 []


Underfull \hbox (badness 6808) in paragraph at lines 211--211
\OT1/cmr/m/n/10.95 to col-lect data
 []


Underfull \hbox (badness 10000) in paragraph at lines 211--211
\OT1/cmr/m/n/10.95 pro-grammable
 []


Underfull \hbox (badness 10000) in paragraph at lines 211--211
\OT1/cmr/m/n/10.95 cal-cu-la-tor for
 []


Underfull \hbox (badness 10000) in paragraph at lines 211--211
\OT1/cmr/m/n/10.95 anal-y-sis; as a
 []


Underfull \hbox (badness 6608) in paragraph at lines 211--211
\OT1/cmr/m/n/10.95 database, it is
 []


Underfull \hbox (badness 10000) in paragraph at lines 212--212
[]\OT1/cmr/m/n/10.95 Electronic Fish
 []


Underfull \hbox (badness 10000) in paragraph at lines 212--212
\OT1/cmr/m/n/10.95 Catch Log-book
 []


Underfull \hbox (badness 4927) in paragraph at lines 212--212
[]\OT1/cmr/m/n/10.95 Northwest Fish-
 []


Underfull \hbox (badness 10000) in paragraph at lines 212--212
\OT1/cmr/m/n/10.95 eries Cen-tre
 []


Underfull \hbox (badness 10000) in paragraph at lines 212--212
[]\OT1/cmr/m/n/10.95 Ship-based
 []


Underfull \hbox (badness 10000) in paragraph at lines 212--212
\OT1/cmr/m/n/10.95 soft-ware and
 []


Underfull \hbox (badness 3428) in paragraph at lines 212--212
\OT1/cmr/m/n/10.95 shore-based web
 []


Underfull \hbox (badness 10000) in paragraph at lines 212--212
\OT1/cmr/m/n/10.95 ap-pli-ca-tion to
 []


Underfull \hbox (badness 10000) in paragraph at lines 212--212
\OT1/cmr/m/n/10.95 log-book, catch
 []


Underfull \hbox (badness 10000) in paragraph at lines 212--212
\OT1/cmr/m/n/10.95 "(fish tick-ets"),
 []


Underfull \hbox (badness 10000) in paragraph at lines 212--212
\OT1/cmr/m/n/10.95 and ob-server
 []


Underfull \hbox (badness 10000) in paragraph at lines 212--212
\OT1/cmr/m/n/10.95 also a re-port
 []


Underfull \hbox (badness 10000) in paragraph at lines 212--212
\OT1/cmr/m/n/10.95 database and
 []


Underfull \hbox (badness 10000) in paragraph at lines 212--212
[]\OT1/cmr/m/n/10.95 Client server
 []


Underfull \hbox (badness 10000) in paragraph at lines 212--212
\OT1/cmr/m/n/10.95 ar-chi-tec-ture,
 []


Overfull \hbox (12.90141pt too wide) in paragraph at lines 209--212
 [] 
 []

[12]
Overfull \hbox (15.65222pt too wide) in paragraph at lines 248--248
[] 
 []


Overfull \hbox (5.8655pt too wide) in paragraph at lines 249--249
[]\OT1/cmr/m/n/10.95 Fishframe| 
 []


Overfull \hbox (1.29025pt too wide) in paragraph at lines 249--249
[]\OT1/cmr/m/n/10.95 BSD| 
 []


Underfull \hbox (badness 10000) in paragraph at lines 249--249
\OT1/cmr/m/n/10.95 are browser
 []


Underfull \hbox (badness 1845) in paragraph at lines 249--249
\OT1/cmr/m/n/10.95 based, they are
 []


Underfull \hbox (badness 10000) in paragraph at lines 249--249
\OT1/cmr/m/n/10.95 cross plat-form;
 []


Underfull \hbox (badness 10000) in paragraph at lines 249--249
\OT1/cmr/m/n/10.95 the server has
 []


Underfull \hbox (badness 10000) in paragraph at lines 249--249
\OT1/cmr/m/n/10.95 dows, since it
 []


Underfull \hbox (badness 10000) in paragraph at lines 249--249
\OT1/cmr/m/n/10.95 uses Mi-crosoft
 []


Underfull \hbox (badness 10000) in paragraph at lines 249--249
\OT1/cmr/m/n/10.95 spe-cific ac-tive
 []


Underfull \hbox (badness 10000) in paragraph at lines 249--249
\OT1/cmr/m/n/10.95 tech-nolo-gies
 []


Overfull \hbox (50.18434pt too wide) in paragraph at lines 248--249
 [] 
 []

[13]
Overfull \hbox (9.6067pt too wide) in paragraph at lines 250--250
[]\OT1/cmr/m/n/10.95 InterCatch| 
 []


Underfull \hbox (badness 10000) in paragraph at lines 250--250
\OT1/cmr/m/n/10.95 are browser
 []


Underfull \hbox (badness 1845) in paragraph at lines 250--250
\OT1/cmr/m/n/10.95 based, they are
 []


Underfull \hbox (badness 10000) in paragraph at lines 250--250
\OT1/cmr/m/n/10.95 cross plat-form;
 []


Underfull \hbox (badness 10000) in paragraph at lines 250--250
\OT1/cmr/m/n/10.95 the server has
 []


Underfull \hbox (badness 10000) in paragraph at lines 250--250
\OT1/cmr/m/n/10.95 dows, since it
 []


Underfull \hbox (badness 10000) in paragraph at lines 250--250
\OT1/cmr/m/n/10.95 uses Mi-crosoft
 []


Underfull \hbox (badness 10000) in paragraph at lines 250--250
\OT1/cmr/m/n/10.95 spe-cific ac-tive
 []


Underfull \hbox (badness 10000) in paragraph at lines 250--250
\OT1/cmr/m/n/10.95 tech-nolo-gies
 []


Underfull \hbox (badness 10000) in paragraph at lines 251--251
[]\OT1/cmr/m/n/10.95 ICES
 []


Underfull \hbox (badness 10000) in paragraph at lines 251--251
\OT1/cmr/m/n/10.95 Spa-tial
 []


Underfull \hbox (badness 10000) in paragraph at lines 251--251
[]\OT1/cmr/m/n/10.95 Server and
 []


Underfull \hbox (badness 1466) in paragraph at lines 251--251
\OT1/cmr/m/n/10.95 client are cross-
 []


Underfull \hbox (badness 10000) in paragraph at lines 252--252
[]\OT1/cmr/m/n/10.95 ICES
 []


Underfull \hbox (badness 10000) in paragraph at lines 252--252
\OT1/cmr/m/n/10.95 EcoSys-
 []


Underfull \hbox (badness 10000) in paragraph at lines 252--252
\OT1/cmr/m/n/10.95 tem
 []


Underfull \hbox (badness 10000) in paragraph at lines 252--252
[]\OT1/cmr/m/n/10.95 Server and
 []


Underfull \hbox (badness 10000) in paragraph at lines 252--252
\OT1/cmr/m/n/10.95 client are
 []


Underfull \hbox (badness 10000) in paragraph at lines 252--252
\OT1/cmr/m/n/10.95 cross-platform.
 []


Overfull \hbox (33.0149pt too wide) in paragraph at lines 253--253
[]\OT1/cmr/m/n/10.95 proprietary| 
 []


Underfull \hbox (badness 10000) in paragraph at lines 253--253
[]\OT1/cmr/m/n/10.95 Windows only
 []


Overfull \hbox (6.4915pt too wide) in paragraph at lines 253--253
[]\OT1/cmr/m/n/10.95 under
 []


Underfull \hbox (badness 10000) in paragraph at lines 253--253
\OT1/cmr/m/n/10.95 fi-nal
 []


Overfull \hbox (3.72357pt too wide) in paragraph at lines 253--253
\OT1/cmr/m/n/10.95 mod-
 []


Underfull \hbox (badness 10000) in paragraph at lines 253--253
\OT1/cmr/m/n/10.95 i-fi-
 []


Underfull \hbox (badness 10000) in paragraph at lines 253--253
\OT1/cmr/m/n/10.95 ca-
 []


Overfull \hbox (2.26358pt too wide) in paragraph at lines 253--253
\OT1/cmr/m/n/10.95 tions| 
 []


Underfull \hbox (badness 10000) in paragraph at lines 254--254
[]\OT1/cmr/m/n/10.95 The
 []


Underfull \hbox (badness 10000) in paragraph at lines 254--254
\OT1/cmr/m/n/10.95 Cana-
 []


Underfull \hbox (badness 10000) in paragraph at lines 254--254
\OT1/cmr/m/n/10.95 dian
 []


Underfull \hbox (badness 10000) in paragraph at lines 254--254
\OT1/cmr/m/n/10.95 Al-ba-
 []


Underfull \hbox (badness 10000) in paragraph at lines 254--254
\OT1/cmr/m/n/10.95 core
 []


Underfull \hbox (badness 10000) in paragraph at lines 254--254
\OT1/cmr/m/n/10.95 Tuna
 []


Underfull \hbox (badness 10000) in paragraph at lines 254--254
\OT1/cmr/m/n/10.95 Catch
 []


Underfull \hbox (badness 10000) in paragraph at lines 254--254
\OT1/cmr/m/n/10.95 And
 []


Underfull \hbox (badness 10000) in paragraph at lines 254--254
\OT1/cmr/m/n/10.95 Ef-fort
 []


Underfull \hbox (badness 10000) in paragraph at lines 254--254
\OT1/cmr/m/n/10.95 Re-la-
 []


Underfull \hbox (badness 10000) in paragraph at lines 254--254
\OT1/cmr/m/n/10.95 tional
 []


Overfull \hbox (2.48923pt too wide) in paragraph at lines 254--254
\OT1/cmr/m/n/10.95 Database| 
 []


Overfull \hbox (50.18434pt too wide) in paragraph at lines 249--254
 [] 
 []

[14]
Overfull \hbox (7.90341pt too wide) in paragraph at lines 255--255
[]\OT1/cmr/m/n/10.95 TUFMAN| 
 []


Underfull \hbox (badness 10000) in paragraph at lines 256--256
[]\OT1/cmr/m/n/10.95 Catch
 []


Underfull \hbox (badness 10000) in paragraph at lines 256--256
\OT1/cmr/m/n/10.95 and
 []


Underfull \hbox (badness 10000) in paragraph at lines 256--256
\OT1/cmr/m/n/10.95 Ef-fort
 []


Underfull \hbox (badness 10000) in paragraph at lines 256--256
\OT1/cmr/m/n/10.95 Query
 []


Underfull \hbox (badness 10000) in paragraph at lines 256--256
\OT1/cmr/m/n/10.95 Sys-tem
 []


Underfull \hbox (badness 10000) in paragraph at lines 257--257
[]\OT1/cmr/m/n/10.95 Fishery
 []


Underfull \hbox (badness 10000) in paragraph at lines 257--257
\OT1/cmr/m/n/10.95 An-a-lyst
 []


Underfull \hbox (badness 10000) in paragraph at lines 257--257
\OT1/cmr/m/n/10.95 On-line
 []


Overfull \hbox (33.0149pt too wide) in paragraph at lines 257--257
[]\OT1/cmr/m/n/10.95 proprietary| 
 []


Underfull \hbox (badness 4441) in paragraph at lines 257--257
\OT1/cmr/m/n/10.95 and cross plat-
 []


Underfull \hbox (badness 10000) in paragraph at lines 258--258
[]\OT1/cmr/m/n/10.95 Fishery
 []


Underfull \hbox (badness 10000) in paragraph at lines 258--258
\OT1/cmr/m/n/10.95 An-a-lyst
 []


Underfull \hbox (badness 10000) in paragraph at lines 258--258
\OT1/cmr/m/n/10.95 for Ar-
 []


Overfull \hbox (33.0149pt too wide) in paragraph at lines 258--258
[]\OT1/cmr/m/n/10.95 proprietary| 
 []


Underfull \hbox (badness 2269) in paragraph at lines 259--259
[]\OT1/cmr/m/n/10.95 Since the client
 []


Underfull \hbox (badness 10000) in paragraph at lines 259--259
\OT1/cmr/m/n/10.95 runs on a
 []


Underfull \hbox (badness 10000) in paragraph at lines 259--259
\OT1/cmr/m/n/10.95 browser, it is
 []


Underfull \hbox (badness 10000) in paragraph at lines 259--259
\OT1/cmr/m/n/10.95 plat-form in-de-
 []


Underfull \hbox (badness 10000) in paragraph at lines 259--259
\OT1/cmr/m/n/10.95 runs on Win-
 []


Overfull \hbox (10.3367pt too wide) in paragraph at lines 260--260
[]\OT1/cmr/m/n/10.95 PESCART| 
 []


Overfull \hbox (1.22694pt too wide) in paragraph at lines 261--261
[]\OT1/cmr/m/n/10.95 Geocrust| 
 []


Overfull \hbox (1.22694pt too wide) in paragraph at lines 262--262
[]\OT1/cmr/m/n/10.95 Geocrust
 []


Underfull \hbox (badness 10000) in paragraph at lines 262--262
\OT1/cmr/m/n/10.95 2.0
 []


Overfull \hbox (15.85738pt too wide) in paragraph at lines 262--262
\OT1/cmr/m/n/10.95 (Geopescas)| 
 []


Underfull \hbox (badness 10000) in paragraph at lines 262--262
[]\OT1/cmr/m/n/10.95 The ap-pli-ca-tion
 []


Underfull \hbox (badness 10000) in paragraph at lines 262--262
\OT1/cmr/m/n/10.95 runs on Win-
 []


Underfull \hbox (badness 10000) in paragraph at lines 262--262
\OT1/cmr/m/n/10.95 dows, but the
 []


Overfull \hbox (7.34068pt too wide) in paragraph at lines 263--263
[]\OT1/cmr/m/n/10.95 Geopescas
 []


Overfull \hbox (4.63608pt too wide) in paragraph at lines 263--263
[]\OT1/cmr/m/n/10.95 demo
 []


Underfull \hbox (badness 10000) in paragraph at lines 263--263
\OT1/cmr/m/n/10.95 ver-
 []


Underfull \hbox (badness 10000) in paragraph at lines 263--263
\OT1/cmr/m/n/10.95 sion
 []


Overfull \hbox (50.18434pt too wide) in paragraph at lines 254--263
 [] 
 []

[15]
Overfull \hbox (8.59026pt too wide) in paragraph at lines 264--264
[]\OT1/cmr/m/n/10.95 Open-
 []


Overfull \hbox (10.74983pt too wide) in paragraph at lines 264--264
\OT1/cmr/m/n/10.95 Source| 
 []


Underfull \hbox (badness 4872) in paragraph at lines 264--264
\OT1/cmr/m/n/10.95 R, it is cross-
 []


Underfull \hbox (badness 10000) in paragraph at lines 265--265
[]\OT1/cmr/m/n/10.95 Catch
 []


Underfull \hbox (badness 10000) in paragraph at lines 265--265
\OT1/cmr/m/n/10.95 As-sess-
 []


Underfull \hbox (badness 10000) in paragraph at lines 265--265
\OT1/cmr/m/n/10.95 ment
 []


Underfull \hbox (badness 10000) in paragraph at lines 265--265
\OT1/cmr/m/n/10.95 Sur-vey
 []


Underfull \hbox (badness 10000) in paragraph at lines 265--265
\OT1/cmr/m/n/10.95 tis-ti-cal
 []


Underfull \hbox (badness 10000) in paragraph at lines 265--265
\OT1/cmr/m/n/10.95 frame
 []


Underfull \hbox (badness 10000) in paragraph at lines 265--265
\OT1/cmr/m/n/10.95 sur-vey
 []


Underfull \hbox (badness 10000) in paragraph at lines 265--265
\OT1/cmr/m/n/10.95 of the
 []


Underfull \hbox (badness 10000) in paragraph at lines 265--265
\OT1/cmr/m/n/10.95 ar-ti-sanal
 []


Underfull \hbox (badness 10000) in paragraph at lines 265--265
\OT1/cmr/m/n/10.95 fish-eries
 []


Underfull \hbox (badness 2932) in paragraph at lines 265--265
\OT1/cmr/m/n/10.95 of Kon-
 []


Underfull \hbox (badness 10000) in paragraph at lines 265--265
\OT1/cmr/m/n/10.95 tagora
 []


Underfull \hbox (badness 10000) in paragraph at lines 265--265
\OT1/cmr/m/n/10.95 Reser-
 []


Overfull \hbox (2.36757pt too wide) in paragraph at lines 266--266
[]\OT1/cmr/m/n/10.95 Artisanal
 []


Underfull \hbox (badness 10000) in paragraph at lines 266--266
\OT1/cmr/m/n/10.95 Fish-
 []


Underfull \hbox (badness 10000) in paragraph at lines 266--266
\OT1/cmr/m/n/10.95 eries
 []


Underfull \hbox (badness 10000) in paragraph at lines 266--266
\OT1/cmr/m/n/10.95 Data
 []


Underfull \hbox (badness 10000) in paragraph at lines 266--266
\OT1/cmr/m/n/10.95 Col-
 []


Underfull \hbox (badness 10000) in paragraph at lines 266--266
\OT1/cmr/m/n/10.95 lec-tion
 []


Underfull \hbox (badness 10000) in paragraph at lines 266--266
\OT1/cmr/m/n/10.95 And
 []


Underfull \hbox (badness 10000) in paragraph at lines 266--266
\OT1/cmr/m/n/10.95 Man-age-
 []


Underfull \hbox (badness 1142) in paragraph at lines 266--266
\OT1/cmr/m/n/10.95 ment In
 []


Underfull \hbox (badness 10000) in paragraph at lines 266--266
\OT1/cmr/m/n/10.95 Tan-za-
 []


Overfull \hbox (50.18434pt too wide) in paragraph at lines 263--266
 [] 
 []

[16]
Overfull \hbox (4.28383pt too wide) in paragraph at lines 268--268
[]\OT1/cmr/m/n/10.95 Barahona
 []


Underfull \hbox (badness 10000) in paragraph at lines 268--268
\OT1/cmr/m/n/10.95 Data
 []


Underfull \hbox (badness 10000) in paragraph at lines 268--268
\OT1/cmr/m/n/10.95 Col-
 []


Underfull \hbox (badness 10000) in paragraph at lines 268--268
\OT1/cmr/m/n/10.95 lec-tion
 []


Underfull \hbox (badness 10000) in paragraph at lines 269--269
[]\OT1/cmr/m/n/10.95 Saman^^Sa
 []


Underfull \hbox (badness 10000) in paragraph at lines 269--269
\OT1/cmr/m/n/10.95 Fish-
 []


Underfull \hbox (badness 10000) in paragraph at lines 269--269
\OT1/cmr/m/n/10.95 eries
 []


Underfull \hbox (badness 10000) in paragraph at lines 269--269
\OT1/cmr/m/n/10.95 De-vel-
 []


Underfull \hbox (badness 10000) in paragraph at lines 269--269
\OT1/cmr/m/n/10.95 op-ment
 []


Underfull \hbox (badness 10000) in paragraph at lines 269--269
\OT1/cmr/m/n/10.95 Project
 []


Overfull \hbox (5.31798pt too wide) in paragraph at lines 269--269
\OT1/cmr/m/n/10.95 (CEDEP)| 
 []


Overfull \hbox (6.53464pt too wide) in paragraph at lines 270--270
[]\OT1/cmr/m/n/10.95 FISBOAT| 
 []


Overfull \hbox (8.59026pt too wide) in paragraph at lines 270--270
[]\OT1/cmr/m/n/10.95 Open-
 []


Overfull \hbox (8.98566pt too wide) in paragraph at lines 270--270
\OT1/cmr/m/n/10.95 source| 
 []


Overfull \hbox (15.538pt too wide) in paragraph at lines 271--271
[]\OT1/cmr/m/n/10.95 Probability-
 []


Underfull \hbox (badness 10000) in paragraph at lines 271--271
\OT1/cmr/m/n/10.95 based
 []


Underfull \hbox (badness 10000) in paragraph at lines 271--271
\OT1/cmr/m/n/10.95 sur-vey
 []


Underfull \hbox (badness 10000) in paragraph at lines 271--271
\OT1/cmr/m/n/10.95 tech-
 []


Underfull \hbox (badness 10000) in paragraph at lines 271--271
\OT1/cmr/m/n/10.95 niques
 []


Underfull \hbox (badness 10000) in paragraph at lines 271--271
\OT1/cmr/m/n/10.95 in
 []


Underfull \hbox (badness 10000) in paragraph at lines 271--271
\OT1/cmr/m/n/10.95 Mozam-
 []


Overfull \hbox (13.74341pt too wide) in paragraph at lines 272--272
[]\OT1/cmr/m/n/10.95 Programme
 []


Underfull \hbox (badness 10000) in paragraph at lines 272--272
\OT1/cmr/m/n/10.95 for re-
 []


Underfull \hbox (badness 10000) in paragraph at lines 272--272
\OT1/cmr/m/n/10.95 fin-ing
 []


Underfull \hbox (badness 10000) in paragraph at lines 272--272
\OT1/cmr/m/n/10.95 es-ti-
 []


Underfull \hbox (badness 10000) in paragraph at lines 272--272
\OT1/cmr/m/n/10.95 mates
 []


Underfull \hbox (badness 6016) in paragraph at lines 272--272
\OT1/cmr/m/n/10.95 of lo-cal
 []


Underfull \hbox (badness 10000) in paragraph at lines 272--272
\OT1/cmr/m/n/10.95 fish-ery
 []


Underfull \hbox (badness 10000) in paragraph at lines 272--272
\OT1/cmr/m/n/10.95 pro-duc-
 []


Underfull \hbox (badness 10000) in paragraph at lines 272--272
\OT1/cmr/m/n/10.95 tion in
 []


Underfull \hbox (badness 10000) in paragraph at lines 272--272
\OT1/cmr/m/n/10.95 West-ern
 []


Underfull \hbox (badness 10000) in paragraph at lines 272--272
[]\OT1/cmr/m/n/10.95 Windows only
 []


Overfull \hbox (50.18434pt too wide) in paragraph at lines 266--272
 [] 
 []

[17]
Overfull \hbox (6.41298pt too wide) in paragraph at lines 273--273
[]\OT1/cmr/m/n/10.95 Electronic
 []


Underfull \hbox (badness 10000) in paragraph at lines 273--273
\OT1/cmr/m/n/10.95 Fish
 []


Underfull \hbox (badness 10000) in paragraph at lines 273--273
\OT1/cmr/m/n/10.95 Catch
 []


Underfull \hbox (badness 10000) in paragraph at lines 273--273
\OT1/cmr/m/n/10.95 Log-book
 []


Underfull \hbox (badness 10000) in paragraph at lines 273--273
\OT1/cmr/m/n/10.95 Project
 []


Underfull \hbox (badness 10000) in paragraph at lines 273--273
[]\OT1/cmr/m/n/10.95 Some com-po-
 []


Underfull \hbox (badness 1635) in paragraph at lines 273--273
\OT1/cmr/m/n/10.95 nents run on a
 []


Underfull \hbox (badness 10000) in paragraph at lines 273--273
\OT1/cmr/m/n/10.95 may be cross-
 []


Underfull \hbox (badness 10000) in paragraph at lines 273--273
\OT1/cmr/m/n/10.95 plattform, but
 []


Overfull \hbox (50.18434pt too wide) in paragraph at lines 272--274
 [] 
 []


Underfull \hbox (badness 1997) in paragraph at lines 299--299
\OT1/cmr/m/n/10.95 re-cip-i-ents; - deals with
 []


Underfull \hbox (badness 2119) in paragraph at lines 300--300
[]\OT1/cmr/m/n/10.95 It uses pro-pri-etary and
 []


Underfull \hbox (badness 3078) in paragraph at lines 301--301
\OT1/cmr/m/n/10.95 based); - adopts OGC
 []


Underfull \hbox (badness 3078) in paragraph at lines 302--302
\OT1/cmr/m/n/10.95 based); - adopts OGC
 []

[18]
Underfull \hbox (badness 3029) in paragraph at lines 304--304
[]\OT1/cmr/m/n/10.95 The Cana-dian Al-ba-core
 []


Underfull \hbox (badness 1448) in paragraph at lines 304--304
\OT1/cmr/m/n/10.95 Tuna Catch And Ef-fort
 []


Underfull \hbox (badness 1655) in paragraph at lines 304--304
\OT1/cmr/m/n/10.95 anal-y-sis (based only on
 []


Underfull \hbox (badness 1117) in paragraph at lines 304--304
\OT1/cmr/m/n/10.95 ased due to the use of
 []


Underfull \hbox (badness 2698) in paragraph at lines 304--304
\OT1/cmr/m/n/10.95 not reg-is-tered any-where
 []


Underfull \hbox (badness 1590) in paragraph at lines 305--305
\OT1/cmr/m/n/10.95 how-to use the ap-pli-ca-
 []


Underfull \hbox (badness 1831) in paragraph at lines 305--305
\OT1/cmr/m/n/10.95 coun-try; - it al-lows to
 []


Underfull \hbox (badness 7649) in paragraph at lines 305--305
\OT1/cmr/m/n/10.95 po-nents (Map-info, Mi-
 []


Underfull \hbox (badness 1009) in paragraph at lines 306--306
\OT1/cmr/m/n/10.95 cil-i-ties, with the use of
 []


Underfull \hbox (badness 1371) in paragraph at lines 306--306
\OT1/cmr/m/n/10.95 po-nents (Map-info); - it
 []


Underfull \hbox (badness 5446) in paragraph at lines 307--307
[]\OT1/cmr/m/n/10.95 Fishery An-a-lyst On-line
 []


Underfull \hbox (badness 1668) in paragraph at lines 307--307
[]\OT1/cmr/m/n/10.95 - lightweight and cross-
 []


Underfull \hbox (badness 1205) in paragraph at lines 308--308
[]\OT1/cmr/m/n/10.95 Fishery An-a-lyst for Ar-
 []


Underfull \hbox (badness 1661) in paragraph at lines 308--308
[]\OT1/cmr/m/n/10.95 - it takes ad-van-tage of
 []


Underfull \hbox (badness 1552) in paragraph at lines 308--308
\OT1/cmr/m/n/10.95 - it re-quires-some know-
 []

[19]
Underfull \hbox (badness 5771) in paragraph at lines 309--309
[]\OT1/cmr/m/n/10.95 - client is cross plat-
 []


Underfull \hbox (badness 1622) in paragraph at lines 309--309
\OT1/cmr/m/n/10.95 tform; - no in-stal-la-tion
 []


Underfull \hbox (badness 3557) in paragraph at lines 309--309
\OT1/cmr/m/n/10.95 re-quired for the client;
 []


Underfull \hbox (badness 1173) in paragraph at lines 309--309
\OT1/cmr/m/n/10.95 - it re-quires in-stal-la-tion
 []


Underfull \hbox (badness 2538) in paragraph at lines 310--310
\OT1/cmr/m/n/10.95 sys-tem im-ple-mented); -
 []


Underfull \hbox (badness 1622) in paragraph at lines 311--311
\OT1/cmr/m/n/10.95 and land-ing data, from
 []


Underfull \hbox (badness 10000) in paragraph at lines 311--311
\OT1/cmr/m/n/10.95 dif-fer-ent sources (IGP,
 []


Underfull \hbox (badness 1132) in paragraph at lines 311--311
\OT1/cmr/m/n/10.95 for dis-play but also for
 []


Underfull \hbox (badness 10000) in paragraph at lines 311--311
\OT1/cmr/m/n/10.95 other fleet-s/-geo-graphic
 []

[20]
Underfull \hbox (badness 2671) in paragraph at lines 313--313
\OT1/cmr/m/n/10.95 im-ages and XML, that
 []


Underfull \hbox (badness 3907) in paragraph at lines 314--314
\OT1/cmr/m/n/10.95 cluded in the anal-y-sis;
 []


Underfull \hbox (badness 1817) in paragraph at lines 314--314
\OT1/cmr/m/n/10.95 nol-ogy; - pro-motes im-
 []


Underfull \hbox (badness 1354) in paragraph at lines 314--314
[]\OT1/cmr/m/n/10.95 - re-lies in good qual-ity
 []


Underfull \hbox (badness 1552) in paragraph at lines 315--315
[]\OT1/cmr/m/n/10.95 - it is a com-plete sys-
 []


Underfull \hbox (badness 1231) in paragraph at lines 316--316
[]\OT1/cmr/m/n/10.95 Artisanal Fish-eries Data
 []


Underfull \hbox (badness 1342) in paragraph at lines 316--316
\OT1/cmr/m/n/10.95 Col-lec-tion And Man-age-
 []


Underfull \hbox (badness 4144) in paragraph at lines 317--317
\OT1/cmr/m/n/10.95 which al-lows to de-tect
 []


Underfull \hbox (badness 5954) in paragraph at lines 317--317
[]\OT1/cmr/m/n/10.95 - since data col-lec-tion
 []


Overfull \vbox (21.76987pt too high) has occurred while \output is active []


[21]
Underfull \hbox (badness 4391) in paragraph at lines 318--318
\OT1/cmr/m/n/10.95 are well catered; - it
 []


Underfull \hbox (badness 5217) in paragraph at lines 318--318
\OT1/cmr/m/n/10.95 catch and ef-fort in-for-
 []


Underfull \hbox (badness 10000) in paragraph at lines 318--318
\OT1/cmr/m/n/10.95 ma-tion based on trip
 []


Underfull \hbox (badness 10000) in paragraph at lines 318--318
\OT1/cmr/m/n/10.95 in-ter-views; The ef-fort
 []


Underfull \hbox (badness 4217) in paragraph at lines 318--318
\OT1/cmr/m/n/10.95 vari-ables, in par-tic-u-lar,
 []


Underfull \hbox (badness 1953) in paragraph at lines 318--318
\OT1/cmr/m/n/10.95 ad-e-quate for mon-i-tor-ing
 []


Underfull \hbox (badness 10000) in paragraph at lines 318--318
\OT1/cmr/m/n/10.95 CPUE and es-ti-mat-ing
 []


Underfull \hbox (badness 1917) in paragraph at lines 318--318
\OT1/cmr/m/n/10.95 fish-ing mor-tal-ity; - the
 []


Underfull \hbox (badness 10000) in paragraph at lines 318--318
\OT1/cmr/m/n/10.95 sys-tem was sus-tained,
 []


Underfull \hbox (badness 1810) in paragraph at lines 318--318
\OT1/cmr/m/n/10.95 even af-ter with-drawl of
 []


Underfull \hbox (badness 2310) in paragraph at lines 318--318
[]\OT1/cmr/m/n/10.95 - mor-tal-ity and growth
 []


Underfull \hbox (badness 1048) in paragraph at lines 318--318
\OT1/cmr/m/n/10.95 man-age data on a long
 []


Underfull \hbox (badness 1137) in paragraph at lines 319--319
[]\OT1/cmr/m/n/10.95 Saman^^Sa Fish-eries De-vel-
 []


Underfull \hbox (badness 1803) in paragraph at lines 319--319
\OT1/cmr/m/n/10.95 mally struc-tured; - the
 []


Underfull \hbox (badness 1895) in paragraph at lines 320--320
\OT1/cmr/m/n/10.95 bust and re-li-able sci-en-
 []


Underfull \hbox (badness 1205) in paragraph at lines 320--320
\OT1/cmr/m/n/10.95 in-clud-ing a man-age-ment
 []


Underfull \hbox (badness 1755) in paragraph at lines 320--320
\OT1/cmr/m/n/10.95 i-cally de-fined har-vest-ing
 []


Underfull \hbox (badness 2564) in paragraph at lines 320--320
\OT1/cmr/m/n/10.95 time to re-spond proac-
 []


Underfull \hbox (badness 2626) in paragraph at lines 320--320
\OT1/cmr/m/n/10.95 tively to evolv-ing chal-
 []


Underfull \hbox (badness 10000) in paragraph at lines 320--320
\OT1/cmr/m/n/10.95 ex-clu-sively on re-search
 []

[22]
Underfull \hbox (badness 5217) in paragraph at lines 321--321
[]\OT1/cmr/m/n/10.95 Probability-based sur-vey
 []


Underfull \hbox (badness 5563) in paragraph at lines 321--321
\OT1/cmr/m/n/10.95 pro-duces un-bi-ased es-ti-
 []


Underfull \hbox (badness 5133) in paragraph at lines 322--322
[]\OT1/cmr/m/n/10.95 Programme for re-fin-ing
 []


Underfull \hbox (badness 4060) in paragraph at lines 322--322
\OT1/cmr/m/n/10.95 es-ti-mates of lo-cal fish-
 []


Underfull \hbox (badness 1424) in paragraph at lines 322--322
\OT1/cmr/m/n/10.95 gath-er-ing ba-sic in-for-ma-
 []


Underfull \hbox (badness 6094) in paragraph at lines 322--322
[]\OT1/cmr/m/n/10.95 - the data qual-ity of
 []


Underfull \hbox (badness 1496) in paragraph at lines 322--322
\OT1/cmr/m/n/10.95 by the hir-ing of causal
 []


Underfull \hbox (badness 10000) in paragraph at lines 322--322
\OT1/cmr/m/n/10.95 work-ers, with-out ad-e-
 []


Underfull \hbox (badness 8132) in paragraph at lines 322--322
\OT1/cmr/m/n/10.95 quate su-per-vi-sion; the
 []


Underfull \hbox (badness 1648) in paragraph at lines 322--322
\OT1/cmr/m/n/10.95 same for data en-try in
 []


Underfull \hbox (badness 10000) in paragraph at lines 322--322
\OT1/cmr/m/n/10.95 database techol-ogy; -
 []


Underfull \hbox (badness 10000) in paragraph at lines 322--322
\OT1/cmr/m/n/10.95 more data (from the
 []


Underfull \hbox (badness 10000) in paragraph at lines 323--323
[]\OT1/cmr/m/n/10.95 Electronic Fish Catch
 []


Underfull \hbox (badness 1014) in paragraph at lines 323--323
\OT1/cmr/m/n/10.95 does not ex-ist in tra-di-
 []


Underfull \hbox (badness 1057) in paragraph at lines 323--323
[]\OT1/cmr/m/n/10.95 - it is based in pro-pri-
 []

[23] <challenges_cas.png, id=87, 749.80125pt x 362.35374pt>
File: challenges_cas.png Graphic file (type png)

<use challenges_cas.png> [24]
LaTeX Font Info:    External font `cmex10' loaded for size
(Font)              <9> on input line 359.
LaTeX Font Info:    External font `cmex10' loaded for size
(Font)              <5> on input line 359.

<geographic_frame.png, id=91, 766.865pt x 431.6125pt>
File: geographic_frame.png Graphic file (type png)

<use geographic_frame.png>
<fishing_trip_small.png, id=92, 719.68875pt x 405.01312pt>
File: fishing_trip_small.png Graphic file (type png)

<use fishing_trip_small.png> [25] [26]
<builder.jpg, id=103, 384.43625pt x 447.6725pt>
File: builder.jpg Graphic file (type jpg)
 <use builder.jpg>
<dem.png, id=104, 461.725pt x 433.62pt>
File: dem.png Graphic file (type png)
 <use dem.png>
<lengths.png, id=105, 556.32843pt x 266.49562pt>
File: lengths.png Graphic file (type png)
 <use lengths.png>
<layers.png, id=106, 376.40625pt x 282.30469pt>
File: layers.png Graphic file (type png)
 <use layers.png>
Underfull \hbox (badness 10000) in paragraph at lines 428--428
\OT1/cmtt/m/n/10.95 cz / gwiki / Deriving _ Hydrological _ Response _ Units _ \
 % 28HRUs \ %29 _ using _ a _ Web _
 []

<kernel.png, id=108, 426.59375pt x 412.54124pt>
File: kernel.png Graphic file (type png)
 <use kernel.png>
<montecarlo.png, id=109, 495.35063pt x 290.58563pt>
File: montecarlo.png Graphic file (type png)
 <use montecarlo.png>
[27] <webmap.png, id=113, 1026.08344pt x 496.10344pt>
File: webmap.png Graphic file (type png)
 <use webmap.png>
<marble.png, id=114, 698.15547pt x 505.20172pt>
File: marble.png Graphic file (type png)
 <use marble.png>
<densidades99_5x5.png, id=115, 321.2pt x 256.96pt>
File: densidades99_5x5.png Graphic file (type png)
 <use densidades99_5x5.png>
<densidades99a.png, id=116, 321.2pt x 256.96pt>
File: densidades99a.png Graphic file (type png)
 <use densidades99a.png>

LaTeX Warning: Float too large for page by 50.95148pt on input line 500.

<fuzzy.png, id=117, 576.65437pt x 348.55219pt>
File: fuzzy.png Graphic file (type png)
 <use fuzzy.png> [28] [29 <./Chart_database.png (PNG copy)> <./Chart_gis.png (P
NG copy)>] [30 <./Chart_internet.png (PNG copy)> <./Chart_expert.png (PNG copy)
>] [31 <./Chart_license.png (PNG copy)> <./challenges_cas.png (PNG copy)>] [32 
<./geographic_frame.png (PNG copy)>] [33 <./fishing_trip_small.png (PNG copy)>]
 [34 <./builder.jpg>] [35 <./dem.png (PNG copy)>] [36 <./lengths.png (PNG copy)
>] [37 <./layers.png>] [38 <./kernel.png> <./montecarlo.png (PNG copy)>] [39 <.
/webmap.png (PNG copy)>] [40 <./marble.png (PNG copy)>] [41 <./densidades99_5x5
.png (PNG copy)> <./densidades99a.png (PNG copy)>] [42 <./fuzzy.png (PNG copy)>
]
Underfull \hbox (badness 10000) in paragraph at lines 557--558
[]\OT1/cmr/m/n/10.95 ICES \OT1/cmr/m/it/10.95 EcoSys-tem-Data3.0[]Release\OT1/c
mr/m/n/10.95 . $\OT1/cmtt/m/n/10.95 http : / / ecosystemdata . ices . dk /
 []


Underfull \hbox (badness 6658) in paragraph at lines 560--561
[]\OT1/cmr/m/n/10.95 Mappamond \OT1/cmr/m/it/10.95 Fish-ery[]Analyst[]V2[]manua
l\OT1/cmr/m/n/10.95 . $\OT1/cmtt/m/n/10.95 http : / / www . mappamondogis . it 
/ pdf /
 []

[43

] [44] [45] (./fisheries_report.aux) ) 
Here is how much of TeX's memory you used:
 5355 strings out of 495061
 76580 string characters out of 1182621
 153650 words of memory out of 3000000
 8445 multiletter control sequences out of 15000+50000
 11959 words of font info for 42 fonts, out of 3000000 for 9000
 28 hyphenation exceptions out of 8191
 44i,12n,43p,935b,519s stack positions out of 5000i,500n,10000p,200000b,50000s
</usr/share/texmf-texlive/fonts/type1/pub
lic/amsfonts/cm/cmbx10.pfb></usr/share/texmf-texlive/fonts/type1/public/amsfont
s/cm/cmr10.pfb></usr/share/texmf-texlive/fonts/type1/public/amsfonts/cm/cmr12.p
fb></usr/share/texmf-texlive/fonts/type1/public/amsfonts/cm/cmr17.pfb></usr/sha
re/texmf-texlive/fonts/type1/public/amsfonts/cm/cmr6.pfb></usr/share/texmf-texl
ive/fonts/type1/public/amsfonts/cm/cmr8.pfb></usr/share/texmf-texlive/fonts/typ
e1/public/amsfonts/cm/cmr9.pfb></usr/share/texmf-texlive/fonts/type1/public/ams
fonts/cm/cmsl10.pfb></usr/share/texmf-texlive/fonts/type1/public/amsfonts/cm/cm
ss12.pfb></usr/share/texmf-texlive/fonts/type1/public/amsfonts/cm/cmsy10.pfb></
usr/share/texmf-texlive/fonts/type1/public/amsfonts/cm/cmti10.pfb></usr/share/t
exmf-texlive/fonts/type1/public/amsfonts/cm/cmtt10.pfb></usr/share/texmf-texliv
e/fonts/type1/public/amsfonts/cm/cmtt9.pfb>
Output written on fisheries_report.pdf (45 pages, 2399292 bytes).
PDF statistics:
 225 PDF objects out of 1000 (max. 8388607)
 0 named destinations out of 1000 (max. 500000)
 96 words of extra memory for PDF output out of 10000 (max. 10000000)

